{"/home/user/testing-and-debugging-ensuring-mern-app-reliability-PhilipOndieki/client/src/App.jsx": {"path":"/home/user/testing-and-debugging-ensuring-mern-app-reliability-PhilipOndieki/client/src/App.jsx","statementMap":{"0":{"start":{"line":14,"column":2},"end":{"line":69,"column":4}},"1":{"start":{"line":20,"column":14},"end":{"line":38,"column":23}}},"fnMap":{"0":{"name":"App","decl":{"start":{"line":13,"column":9},"end":{"line":13,"column":12}},"loc":{"start":{"line":13,"column":15},"end":{"line":70,"column":1}},"line":13},"1":{"name":"(anonymous_1)","decl":{"start":{"line":19,"column":13},"end":{"line":19,"column":14}},"loc":{"start":{"line":20,"column":14},"end":{"line":38,"column":23}},"line":20}},"branchMap":{},"s":{"0":0,"1":0},"f":{"0":0,"1":0},"b":{}}
,"/home/user/testing-and-debugging-ensuring-mern-app-reliability-PhilipOndieki/client/src/components/bugs/BugBoard.jsx": {"path":"/home/user/testing-and-debugging-ensuring-mern-app-reliability-PhilipOndieki/client/src/components/bugs/BugBoard.jsx","statementMap":{"0":{"start":{"line":16,"column":17},"end":{"line":171,"column":1}},"1":{"start":{"line":27,"column":6},"end":{"line":27,"column":15}},"2":{"start":{"line":30,"column":46},"end":{"line":30,"column":61}},"3":{"start":{"line":31,"column":52},"end":{"line":31,"column":67}},"4":{"start":{"line":32,"column":40},"end":{"line":32,"column":54}},"5":{"start":{"line":33,"column":40},"end":{"line":33,"column":54}},"6":{"start":{"line":34,"column":42},"end":{"line":34,"column":57}},"7":{"start":{"line":37,"column":2},"end":{"line":39,"column":18}},"8":{"start":{"line":38,"column":4},"end":{"line":38,"column":16}},"9":{"start":{"line":42,"column":23},"end":{"line":44,"column":21}},"10":{"start":{"line":43,"column":4},"end":{"line":43,"column":37}},"11":{"start":{"line":46,"column":22},"end":{"line":48,"column":20}},"12":{"start":{"line":47,"column":4},"end":{"line":47,"column":43}},"13":{"start":{"line":51,"column":26},"end":{"line":54,"column":8}},"14":{"start":{"line":52,"column":4},"end":{"line":52,"column":25}},"15":{"start":{"line":53,"column":4},"end":{"line":53,"column":28}},"16":{"start":{"line":56,"column":24},"end":{"line":59,"column":8}},"17":{"start":{"line":57,"column":4},"end":{"line":57,"column":24}},"18":{"start":{"line":58,"column":4},"end":{"line":58,"column":28}},"19":{"start":{"line":61,"column":28},"end":{"line":65,"column":12}},"20":{"start":{"line":62,"column":16},"end":{"line":62,"column":57}},"21":{"start":{"line":62,"column":31},"end":{"line":62,"column":56}},"22":{"start":{"line":63,"column":4},"end":{"line":63,"column":24}},"23":{"start":{"line":64,"column":4},"end":{"line":64,"column":31}},"24":{"start":{"line":67,"column":30},"end":{"line":80,"column":30}},"25":{"start":{"line":68,"column":4},"end":{"line":68,"column":29}},"26":{"start":{"line":68,"column":22},"end":{"line":68,"column":29}},"27":{"start":{"line":70,"column":4},"end":{"line":79,"column":5}},"28":{"start":{"line":71,"column":6},"end":{"line":71,"column":28}},"29":{"start":{"line":72,"column":6},"end":{"line":72,"column":57}},"30":{"start":{"line":73,"column":6},"end":{"line":73,"column":34}},"31":{"start":{"line":74,"column":6},"end":{"line":74,"column":27}},"32":{"start":{"line":76,"column":6},"end":{"line":76,"column":44}},"33":{"start":{"line":78,"column":6},"end":{"line":78,"column":29}},"34":{"start":{"line":82,"column":26},"end":{"line":98,"column":41}},"35":{"start":{"line":83,"column":4},"end":{"line":97,"column":5}},"36":{"start":{"line":84,"column":6},"end":{"line":84,"column":28}},"37":{"start":{"line":85,"column":6},"end":{"line":89,"column":7}},"38":{"start":{"line":86,"column":8},"end":{"line":86,"column":65}},"39":{"start":{"line":88,"column":8},"end":{"line":88,"column":30}},"40":{"start":{"line":90,"column":6},"end":{"line":90,"column":31}},"41":{"start":{"line":91,"column":6},"end":{"line":91,"column":27}},"42":{"start":{"line":93,"column":6},"end":{"line":93,"column":44}},"43":{"start":{"line":94,"column":6},"end":{"line":94,"column":18}},"44":{"start":{"line":96,"column":6},"end":{"line":96,"column":29}},"45":{"start":{"line":100,"column":29},"end":{"line":102,"column":18}},"46":{"start":{"line":101,"column":4},"end":{"line":101,"column":27}},"47":{"start":{"line":104,"column":29},"end":{"line":106,"column":20}},"48":{"start":{"line":105,"column":4},"end":{"line":105,"column":19}},"49":{"start":{"line":108,"column":18},"end":{"line":113,"column":3}},"50":{"start":{"line":115,"column":2},"end":{"line":170,"column":4}},"51":{"start":{"line":135,"column":12},"end":{"line":142,"column":14}},"52":{"start":{"line":151,"column":10},"end":{"line":151,"column":35}},"53":{"start":{"line":152,"column":10},"end":{"line":152,"column":31}},"54":{"start":{"line":162,"column":10},"end":{"line":162,"column":38}},"55":{"start":{"line":163,"column":10},"end":{"line":163,"column":31}},"56":{"start":{"line":173,"column":0},"end":{"line":175,"column":2}}},"fnMap":{"0":{"name":"(anonymous_0)","decl":{"start":{"line":16,"column":17},"end":{"line":16,"column":18}},"loc":{"start":{"line":16,"column":43},"end":{"line":171,"column":1}},"line":16},"1":{"name":"(anonymous_1)","decl":{"start":{"line":37,"column":12},"end":{"line":37,"column":13}},"loc":{"start":{"line":37,"column":18},"end":{"line":39,"column":3}},"line":37},"2":{"name":"(anonymous_2)","decl":{"start":{"line":42,"column":31},"end":{"line":42,"column":32}},"loc":{"start":{"line":42,"column":37},"end":{"line":44,"column":3}},"line":42},"3":{"name":"(anonymous_3)","decl":{"start":{"line":46,"column":30},"end":{"line":46,"column":31}},"loc":{"start":{"line":46,"column":36},"end":{"line":48,"column":3}},"line":46},"4":{"name":"(anonymous_4)","decl":{"start":{"line":51,"column":38},"end":{"line":51,"column":39}},"loc":{"start":{"line":51,"column":44},"end":{"line":54,"column":3}},"line":51},"5":{"name":"(anonymous_5)","decl":{"start":{"line":56,"column":36},"end":{"line":56,"column":37}},"loc":{"start":{"line":56,"column":45},"end":{"line":59,"column":3}},"line":56},"6":{"name":"(anonymous_6)","decl":{"start":{"line":61,"column":40},"end":{"line":61,"column":41}},"loc":{"start":{"line":61,"column":51},"end":{"line":65,"column":3}},"line":61},"7":{"name":"(anonymous_7)","decl":{"start":{"line":62,"column":26},"end":{"line":62,"column":27}},"loc":{"start":{"line":62,"column":31},"end":{"line":62,"column":56}},"line":62},"8":{"name":"(anonymous_8)","decl":{"start":{"line":67,"column":42},"end":{"line":67,"column":43}},"loc":{"start":{"line":67,"column":54},"end":{"line":80,"column":3}},"line":67},"9":{"name":"(anonymous_9)","decl":{"start":{"line":82,"column":38},"end":{"line":82,"column":39}},"loc":{"start":{"line":82,"column":54},"end":{"line":98,"column":3}},"line":82},"10":{"name":"(anonymous_10)","decl":{"start":{"line":100,"column":41},"end":{"line":100,"column":42}},"loc":{"start":{"line":100,"column":57},"end":{"line":102,"column":3}},"line":100},"11":{"name":"(anonymous_11)","decl":{"start":{"line":104,"column":41},"end":{"line":104,"column":42}},"loc":{"start":{"line":104,"column":47},"end":{"line":106,"column":3}},"line":104},"12":{"name":"(anonymous_12)","decl":{"start":{"line":134,"column":23},"end":{"line":134,"column":24}},"loc":{"start":{"line":135,"column":12},"end":{"line":142,"column":14}},"line":135},"13":{"name":"(anonymous_13)","decl":{"start":{"line":150,"column":17},"end":{"line":150,"column":18}},"loc":{"start":{"line":150,"column":23},"end":{"line":153,"column":9}},"line":150},"14":{"name":"(anonymous_14)","decl":{"start":{"line":161,"column":17},"end":{"line":161,"column":18}},"loc":{"start":{"line":161,"column":23},"end":{"line":164,"column":9}},"line":161},"15":{"name":"(anonymous_15)","decl":{"start":{"line":174,"column":20},"end":{"line":174,"column":21}},"loc":{"start":{"line":174,"column":31},"end":{"line":174,"column":33}},"line":174}},"branchMap":{"0":{"loc":{"start":{"line":62,"column":32},"end":{"line":62,"column":45}},"type":"binary-expr","locations":[{"start":{"line":62,"column":32},"end":{"line":62,"column":37}},{"start":{"line":62,"column":41},"end":{"line":62,"column":45}}],"line":62},"1":{"loc":{"start":{"line":68,"column":4},"end":{"line":68,"column":29}},"type":"if","locations":[{"start":{"line":68,"column":4},"end":{"line":68,"column":29}},{"start":{},"end":{}}],"line":68},"2":{"loc":{"start":{"line":72,"column":22},"end":{"line":72,"column":55}},"type":"binary-expr","locations":[{"start":{"line":72,"column":22},"end":{"line":72,"column":37}},{"start":{"line":72,"column":41},"end":{"line":72,"column":55}}],"line":72},"3":{"loc":{"start":{"line":85,"column":6},"end":{"line":89,"column":7}},"type":"if","locations":[{"start":{"line":85,"column":6},"end":{"line":89,"column":7}},{"start":{"line":87,"column":13},"end":{"line":89,"column":7}}],"line":85},"4":{"loc":{"start":{"line":86,"column":24},"end":{"line":86,"column":57}},"type":"binary-expr","locations":[{"start":{"line":86,"column":24},"end":{"line":86,"column":39}},{"start":{"line":86,"column":43},"end":{"line":86,"column":57}}],"line":86},"5":{"loc":{"start":{"line":109,"column":37},"end":{"line":109,"column":71}},"type":"binary-expr","locations":[{"start":{"line":109,"column":37},"end":{"line":109,"column":65}},{"start":{"line":109,"column":69},"end":{"line":109,"column":71}}],"line":109},"6":{"loc":{"start":{"line":110,"column":44},"end":{"line":110,"column":85}},"type":"binary-expr","locations":[{"start":{"line":110,"column":44},"end":{"line":110,"column":79}},{"start":{"line":110,"column":83},"end":{"line":110,"column":85}}],"line":110},"7":{"loc":{"start":{"line":111,"column":41},"end":{"line":111,"column":79}},"type":"binary-expr","locations":[{"start":{"line":111,"column":41},"end":{"line":111,"column":73}},{"start":{"line":111,"column":77},"end":{"line":111,"column":79}}],"line":111},"8":{"loc":{"start":{"line":112,"column":39},"end":{"line":112,"column":75}},"type":"binary-expr","locations":[{"start":{"line":112,"column":39},"end":{"line":112,"column":69}},{"start":{"line":112,"column":73},"end":{"line":112,"column":75}}],"line":112}},"s":{"0":0,"1":0,"2":0,"3":0,"4":0,"5":0,"6":0,"7":0,"8":0,"9":0,"10":0,"11":0,"12":0,"13":0,"14":0,"15":0,"16":0,"17":0,"18":0,"19":0,"20":0,"21":0,"22":0,"23":0,"24":0,"25":0,"26":0,"27":0,"28":0,"29":0,"30":0,"31":0,"32":0,"33":0,"34":0,"35":0,"36":0,"37":0,"38":0,"39":0,"40":0,"41":0,"42":0,"43":0,"44":0,"45":0,"46":0,"47":0,"48":0,"49":0,"50":0,"51":0,"52":0,"53":0,"54":0,"55":0,"56":0},"f":{"0":0,"1":0,"2":0,"3":0,"4":0,"5":0,"6":0,"7":0,"8":0,"9":0,"10":0,"11":0,"12":0,"13":0,"14":0,"15":0},"b":{"0":[0,0],"1":[0,0],"2":[0,0],"3":[0,0],"4":[0,0],"5":[0,0],"6":[0,0],"7":[0,0],"8":[0,0]}}
,"/home/user/testing-and-debugging-ensuring-mern-app-reliability-PhilipOndieki/client/src/components/bugs/BugCard.jsx": {"path":"/home/user/testing-and-debugging-ensuring-mern-app-reliability-PhilipOndieki/client/src/components/bugs/BugCard.jsx","statementMap":{"0":{"start":{"line":12,"column":16},"end":{"line":79,"column":1}},"1":{"start":{"line":13,"column":21},"end":{"line":16,"column":3}},"2":{"start":{"line":14,"column":4},"end":{"line":14,"column":24}},"3":{"start":{"line":15,"column":4},"end":{"line":15,"column":16}},"4":{"start":{"line":18,"column":23},"end":{"line":21,"column":3}},"5":{"start":{"line":19,"column":4},"end":{"line":19,"column":24}},"6":{"start":{"line":20,"column":4},"end":{"line":20,"column":32}},"7":{"start":{"line":23,"column":2},"end":{"line":78,"column":4}},"8":{"start":{"line":25,"column":21},"end":{"line":25,"column":44}},"9":{"start":{"line":81,"column":0},"end":{"line":96,"column":2}},"10":{"start":{"line":99,"column":2},"end":{"line":101,"column":50}}},"fnMap":{"0":{"name":"(anonymous_0)","decl":{"start":{"line":12,"column":16},"end":{"line":12,"column":17}},"loc":{"start":{"line":12,"column":56},"end":{"line":79,"column":1}},"line":12},"1":{"name":"(anonymous_1)","decl":{"start":{"line":13,"column":21},"end":{"line":13,"column":22}},"loc":{"start":{"line":13,"column":28},"end":{"line":16,"column":3}},"line":13},"2":{"name":"(anonymous_2)","decl":{"start":{"line":18,"column":23},"end":{"line":18,"column":24}},"loc":{"start":{"line":18,"column":30},"end":{"line":21,"column":3}},"line":18},"3":{"name":"(anonymous_3)","decl":{"start":{"line":25,"column":15},"end":{"line":25,"column":16}},"loc":{"start":{"line":25,"column":21},"end":{"line":25,"column":44}},"line":25},"4":{"name":"(anonymous_4)","decl":{"start":{"line":98,"column":29},"end":{"line":98,"column":30}},"loc":{"start":{"line":98,"column":55},"end":{"line":102,"column":1}},"line":98}},"branchMap":{"0":{"loc":{"start":{"line":20,"column":13},"end":{"line":20,"column":30}},"type":"binary-expr","locations":[{"start":{"line":20,"column":13},"end":{"line":20,"column":20}},{"start":{"line":20,"column":24},"end":{"line":20,"column":30}}],"line":20},"1":{"loc":{"start":{"line":25,"column":21},"end":{"line":25,"column":44}},"type":"binary-expr","locations":[{"start":{"line":25,"column":21},"end":{"line":25,"column":28}},{"start":{"line":25,"column":32},"end":{"line":25,"column":44}}],"line":25},"2":{"loc":{"start":{"line":99,"column":9},"end":{"line":101,"column":49}},"type":"binary-expr","locations":[{"start":{"line":99,"column":9},"end":{"line":99,"column":92}},{"start":{"line":100,"column":4},"end":{"line":100,"column":47}},{"start":{"line":101,"column":4},"end":{"line":101,"column":49}}],"line":99},"3":{"loc":{"start":{"line":99,"column":10},"end":{"line":99,"column":47}},"type":"binary-expr","locations":[{"start":{"line":99,"column":10},"end":{"line":99,"column":27}},{"start":{"line":99,"column":31},"end":{"line":99,"column":47}}],"line":99},"4":{"loc":{"start":{"line":99,"column":54},"end":{"line":99,"column":91}},"type":"binary-expr","locations":[{"start":{"line":99,"column":54},"end":{"line":99,"column":71}},{"start":{"line":99,"column":75},"end":{"line":99,"column":91}}],"line":99}},"s":{"0":0,"1":0,"2":0,"3":0,"4":0,"5":0,"6":0,"7":0,"8":0,"9":0,"10":0},"f":{"0":0,"1":0,"2":0,"3":0,"4":0},"b":{"0":[0,0],"1":[0,0],"2":[0,0,0],"3":[0,0],"4":[0,0]}}
,"/home/user/testing-and-debugging-ensuring-mern-app-reliability-PhilipOndieki/client/src/components/bugs/BugColumn.jsx": {"path":"/home/user/testing-and-debugging-ensuring-mern-app-reliability-PhilipOndieki/client/src/components/bugs/BugColumn.jsx","statementMap":{"0":{"start":{"line":14,"column":18},"end":{"line":63,"column":1}},"1":{"start":{"line":15,"column":23},"end":{"line":20,"column":3}},"2":{"start":{"line":22,"column":2},"end":{"line":62,"column":4}},"3":{"start":{"line":51,"column":12},"end":{"line":57,"column":14}},"4":{"start":{"line":65,"column":0},"end":{"line":72,"column":2}}},"fnMap":{"0":{"name":"(anonymous_0)","decl":{"start":{"line":14,"column":18},"end":{"line":14,"column":19}},"loc":{"start":{"line":14,"column":76},"end":{"line":63,"column":1}},"line":14},"1":{"name":"(anonymous_1)","decl":{"start":{"line":50,"column":19},"end":{"line":50,"column":20}},"loc":{"start":{"line":51,"column":12},"end":{"line":57,"column":14}},"line":51}},"branchMap":{"0":{"loc":{"start":{"line":38,"column":9},"end":{"line":59,"column":9}},"type":"cond-expr","locations":[{"start":{"line":40,"column":10},"end":{"line":44,"column":13}},{"start":{"line":45,"column":12},"end":{"line":59,"column":9}}],"line":38},"1":{"loc":{"start":{"line":45,"column":12},"end":{"line":59,"column":9}},"type":"cond-expr","locations":[{"start":{"line":47,"column":10},"end":{"line":47,"column":83}},{"start":{"line":50,"column":10},"end":{"line":58,"column":12}}],"line":45},"2":{"loc":{"start":{"line":52,"column":19},"end":{"line":52,"column":36}},"type":"binary-expr","locations":[{"start":{"line":52,"column":19},"end":{"line":52,"column":26}},{"start":{"line":52,"column":30},"end":{"line":52,"column":36}}],"line":52}},"s":{"0":0,"1":0,"2":0,"3":0,"4":0},"f":{"0":0,"1":0},"b":{"0":[0,0],"1":[0,0],"2":[0,0]}}
,"/home/user/testing-and-debugging-ensuring-mern-app-reliability-PhilipOndieki/client/src/components/bugs/BugFilters.jsx": {"path":"/home/user/testing-and-debugging-ensuring-mern-app-reliability-PhilipOndieki/client/src/components/bugs/BugFilters.jsx","statementMap":{"0":{"start":{"line":13,"column":19},"end":{"line":81,"column":1}},"1":{"start":{"line":14,"column":29},"end":{"line":16,"column":3}},"2":{"start":{"line":15,"column":4},"end":{"line":15,"column":31}},"3":{"start":{"line":18,"column":27},"end":{"line":19,"column":60}},"4":{"start":{"line":21,"column":2},"end":{"line":80,"column":4}},"5":{"start":{"line":56,"column":27},"end":{"line":56,"column":95}},"6":{"start":{"line":65,"column":27},"end":{"line":65,"column":95}},"7":{"start":{"line":74,"column":27},"end":{"line":74,"column":93}},"8":{"start":{"line":83,"column":0},"end":{"line":92,"column":2}}},"fnMap":{"0":{"name":"(anonymous_0)","decl":{"start":{"line":13,"column":19},"end":{"line":13,"column":20}},"loc":{"start":{"line":13,"column":68},"end":{"line":81,"column":1}},"line":13},"1":{"name":"(anonymous_1)","decl":{"start":{"line":14,"column":29},"end":{"line":14,"column":30}},"loc":{"start":{"line":14,"column":41},"end":{"line":16,"column":3}},"line":14},"2":{"name":"(anonymous_2)","decl":{"start":{"line":56,"column":20},"end":{"line":56,"column":21}},"loc":{"start":{"line":56,"column":27},"end":{"line":56,"column":95}},"line":56},"3":{"name":"(anonymous_3)","decl":{"start":{"line":65,"column":20},"end":{"line":65,"column":21}},"loc":{"start":{"line":65,"column":27},"end":{"line":65,"column":95}},"line":65},"4":{"name":"(anonymous_4)","decl":{"start":{"line":74,"column":20},"end":{"line":74,"column":21}},"loc":{"start":{"line":74,"column":27},"end":{"line":74,"column":93}},"line":74}},"branchMap":{"0":{"loc":{"start":{"line":18,"column":27},"end":{"line":19,"column":60}},"type":"binary-expr","locations":[{"start":{"line":18,"column":27},"end":{"line":18,"column":41}},{"start":{"line":18,"column":45},"end":{"line":18,"column":72}},{"start":{"line":19,"column":4},"end":{"line":19,"column":31}},{"start":{"line":19,"column":35},"end":{"line":19,"column":60}}],"line":18},"1":{"loc":{"start":{"line":29,"column":9},"end":{"line":39,"column":9}},"type":"binary-expr","locations":[{"start":{"line":29,"column":9},"end":{"line":29,"column":25}},{"start":{"line":30,"column":10},"end":{"line":38,"column":19}}],"line":29},"2":{"loc":{"start":{"line":55,"column":17},"end":{"line":55,"column":42}},"type":"binary-expr","locations":[{"start":{"line":55,"column":17},"end":{"line":55,"column":36}},{"start":{"line":55,"column":40},"end":{"line":55,"column":42}}],"line":55},"3":{"loc":{"start":{"line":56,"column":54},"end":{"line":56,"column":92}},"type":"cond-expr","locations":[{"start":{"line":56,"column":71},"end":{"line":56,"column":87}},{"start":{"line":56,"column":90},"end":{"line":56,"column":92}}],"line":56},"4":{"loc":{"start":{"line":64,"column":17},"end":{"line":64,"column":42}},"type":"binary-expr","locations":[{"start":{"line":64,"column":17},"end":{"line":64,"column":36}},{"start":{"line":64,"column":40},"end":{"line":64,"column":42}}],"line":64},"5":{"loc":{"start":{"line":65,"column":54},"end":{"line":65,"column":92}},"type":"cond-expr","locations":[{"start":{"line":65,"column":71},"end":{"line":65,"column":87}},{"start":{"line":65,"column":90},"end":{"line":65,"column":92}}],"line":65},"6":{"loc":{"start":{"line":73,"column":17},"end":{"line":73,"column":40}},"type":"binary-expr","locations":[{"start":{"line":73,"column":17},"end":{"line":73,"column":34}},{"start":{"line":73,"column":38},"end":{"line":73,"column":40}}],"line":73},"7":{"loc":{"start":{"line":74,"column":52},"end":{"line":74,"column":90}},"type":"cond-expr","locations":[{"start":{"line":74,"column":69},"end":{"line":74,"column":85}},{"start":{"line":74,"column":88},"end":{"line":74,"column":90}}],"line":74}},"s":{"0":0,"1":0,"2":0,"3":0,"4":0,"5":0,"6":0,"7":0,"8":0},"f":{"0":0,"1":0,"2":0,"3":0,"4":0},"b":{"0":[0,0,0,0],"1":[0,0],"2":[0,0],"3":[0,0],"4":[0,0],"5":[0,0],"6":[0,0],"7":[0,0]}}
,"/home/user/testing-and-debugging-ensuring-mern-app-reliability-PhilipOndieki/client/src/components/bugs/BugModal.jsx": {"path":"/home/user/testing-and-debugging-ensuring-mern-app-reliability-PhilipOndieki/client/src/components/bugs/BugModal.jsx","statementMap":{"0":{"start":{"line":18,"column":17},"end":{"line":163,"column":1}},"1":{"start":{"line":19,"column":20},"end":{"line":19,"column":25}},"2":{"start":{"line":26,"column":6},"end":{"line":37,"column":4}},"3":{"start":{"line":40,"column":2},"end":{"line":62,"column":27}},"4":{"start":{"line":41,"column":4},"end":{"line":61,"column":5}},"5":{"start":{"line":42,"column":6},"end":{"line":60,"column":7}},"6":{"start":{"line":43,"column":8},"end":{"line":50,"column":11}},"7":{"start":{"line":52,"column":8},"end":{"line":59,"column":11}},"8":{"start":{"line":64,"column":27},"end":{"line":72,"column":3}},"9":{"start":{"line":65,"column":4},"end":{"line":71,"column":5}},"10":{"start":{"line":66,"column":6},"end":{"line":66,"column":27}},"11":{"start":{"line":67,"column":6},"end":{"line":67,"column":14}},"12":{"start":{"line":70,"column":6},"end":{"line":70,"column":53}},"13":{"start":{"line":74,"column":2},"end":{"line":162,"column":4}},"14":{"start":{"line":165,"column":0},"end":{"line":171,"column":2}}},"fnMap":{"0":{"name":"(anonymous_0)","decl":{"start":{"line":18,"column":17},"end":{"line":18,"column":18}},"loc":{"start":{"line":18,"column":66},"end":{"line":163,"column":1}},"line":18},"1":{"name":"(anonymous_1)","decl":{"start":{"line":40,"column":12},"end":{"line":40,"column":13}},"loc":{"start":{"line":40,"column":18},"end":{"line":62,"column":3}},"line":40},"2":{"name":"(anonymous_2)","decl":{"start":{"line":64,"column":27},"end":{"line":64,"column":28}},"loc":{"start":{"line":64,"column":43},"end":{"line":72,"column":3}},"line":64}},"branchMap":{"0":{"loc":{"start":{"line":41,"column":4},"end":{"line":61,"column":5}},"type":"if","locations":[{"start":{"line":41,"column":4},"end":{"line":61,"column":5}},{"start":{},"end":{}}],"line":41},"1":{"loc":{"start":{"line":42,"column":6},"end":{"line":60,"column":7}},"type":"if","locations":[{"start":{"line":42,"column":6},"end":{"line":60,"column":7}},{"start":{"line":51,"column":13},"end":{"line":60,"column":7}}],"line":42},"2":{"loc":{"start":{"line":44,"column":17},"end":{"line":44,"column":32}},"type":"binary-expr","locations":[{"start":{"line":44,"column":17},"end":{"line":44,"column":26}},{"start":{"line":44,"column":30},"end":{"line":44,"column":32}}],"line":44},"3":{"loc":{"start":{"line":45,"column":23},"end":{"line":45,"column":44}},"type":"binary-expr","locations":[{"start":{"line":45,"column":23},"end":{"line":45,"column":38}},{"start":{"line":45,"column":42},"end":{"line":45,"column":44}}],"line":45},"4":{"loc":{"start":{"line":46,"column":20},"end":{"line":46,"column":38}},"type":"binary-expr","locations":[{"start":{"line":46,"column":20},"end":{"line":46,"column":32}},{"start":{"line":46,"column":36},"end":{"line":46,"column":38}}],"line":46},"5":{"loc":{"start":{"line":47,"column":20},"end":{"line":47,"column":38}},"type":"binary-expr","locations":[{"start":{"line":47,"column":20},"end":{"line":47,"column":32}},{"start":{"line":47,"column":36},"end":{"line":47,"column":38}}],"line":47},"6":{"loc":{"start":{"line":48,"column":18},"end":{"line":48,"column":38}},"type":"binary-expr","locations":[{"start":{"line":48,"column":18},"end":{"line":48,"column":28}},{"start":{"line":48,"column":32},"end":{"line":48,"column":38}}],"line":48},"7":{"loc":{"start":{"line":49,"column":21},"end":{"line":49,"column":40}},"type":"binary-expr","locations":[{"start":{"line":49,"column":21},"end":{"line":49,"column":34}},{"start":{"line":49,"column":38},"end":{"line":49,"column":40}}],"line":49},"8":{"loc":{"start":{"line":78,"column":13},"end":{"line":78,"column":54}},"type":"cond-expr","locations":[{"start":{"line":78,"column":25},"end":{"line":78,"column":35}},{"start":{"line":78,"column":38},"end":{"line":78,"column":54}}],"line":78},"9":{"loc":{"start":{"line":123,"column":9},"end":{"line":130,"column":9}},"type":"binary-expr","locations":[{"start":{"line":123,"column":9},"end":{"line":123,"column":18}},{"start":{"line":124,"column":10},"end":{"line":129,"column":12}}],"line":123},"10":{"loc":{"start":{"line":155,"column":22},"end":{"line":155,"column":41}},"type":"binary-expr","locations":[{"start":{"line":155,"column":22},"end":{"line":155,"column":29}},{"start":{"line":155,"column":33},"end":{"line":155,"column":41}}],"line":155},"11":{"loc":{"start":{"line":157,"column":13},"end":{"line":157,"column":52}},"type":"cond-expr","locations":[{"start":{"line":157,"column":25},"end":{"line":157,"column":37}},{"start":{"line":157,"column":40},"end":{"line":157,"column":52}}],"line":157}},"s":{"0":0,"1":0,"2":0,"3":0,"4":0,"5":0,"6":0,"7":0,"8":0,"9":0,"10":0,"11":0,"12":0,"13":0,"14":0},"f":{"0":0,"1":0,"2":0},"b":{"0":[0,0],"1":[0,0],"2":[0,0],"3":[0,0],"4":[0,0],"5":[0,0],"6":[0,0],"7":[0,0],"8":[0,0],"9":[0,0],"10":[0,0],"11":[0,0]}}
,"/home/user/testing-and-debugging-ensuring-mern-app-reliability-PhilipOndieki/client/src/components/bugs/DeleteConfirm.jsx": {"path":"/home/user/testing-and-debugging-ensuring-mern-app-reliability-PhilipOndieki/client/src/components/bugs/DeleteConfirm.jsx","statementMap":{"0":{"start":{"line":11,"column":22},"end":{"line":58,"column":1}},"1":{"start":{"line":12,"column":2},"end":{"line":57,"column":4}},"2":{"start":{"line":60,"column":0},"end":{"line":66,"column":2}}},"fnMap":{"0":{"name":"(anonymous_0)","decl":{"start":{"line":11,"column":22},"end":{"line":11,"column":23}},"loc":{"start":{"line":11,"column":77},"end":{"line":58,"column":1}},"line":11}},"branchMap":{"0":{"loc":{"start":{"line":27,"column":11},"end":{"line":31,"column":11}},"type":"binary-expr","locations":[{"start":{"line":27,"column":11},"end":{"line":27,"column":19}},{"start":{"line":28,"column":12},"end":{"line":30,"column":16}}],"line":27}},"s":{"0":0,"1":0,"2":0},"f":{"0":0},"b":{"0":[0,0]}}
,"/home/user/testing-and-debugging-ensuring-mern-app-reliability-PhilipOndieki/client/src/components/bugs/EmptyState.jsx": {"path":"/home/user/testing-and-debugging-ensuring-mern-app-reliability-PhilipOndieki/client/src/components/bugs/EmptyState.jsx","statementMap":{"0":{"start":{"line":9,"column":19},"end":{"line":16,"column":1}},"1":{"start":{"line":10,"column":2},"end":{"line":15,"column":4}},"2":{"start":{"line":18,"column":0},"end":{"line":20,"column":2}}},"fnMap":{"0":{"name":"(anonymous_0)","decl":{"start":{"line":9,"column":19},"end":{"line":9,"column":20}},"loc":{"start":{"line":9,"column":65},"end":{"line":16,"column":1}},"line":9}},"branchMap":{"0":{"loc":{"start":{"line":9,"column":22},"end":{"line":9,"column":58}},"type":"default-arg","locations":[{"start":{"line":9,"column":32},"end":{"line":9,"column":58}}],"line":9}},"s":{"0":0,"1":0,"2":0},"f":{"0":0},"b":{"0":[0]}}
,"/home/user/testing-and-debugging-ensuring-mern-app-reliability-PhilipOndieki/client/src/components/common/Badge.jsx": {"path":"/home/user/testing-and-debugging-ensuring-mern-app-reliability-PhilipOndieki/client/src/components/common/Badge.jsx","statementMap":{"0":{"start":{"line":10,"column":14},"end":{"line":36,"column":1}},"1":{"start":{"line":11,"column":21},"end":{"line":15,"column":3}},"2":{"start":{"line":17,"column":24},"end":{"line":22,"column":3}},"3":{"start":{"line":18,"column":4},"end":{"line":18,"column":58}},"4":{"start":{"line":18,"column":27},"end":{"line":18,"column":58}},"5":{"start":{"line":19,"column":4},"end":{"line":19,"column":62}},"6":{"start":{"line":19,"column":29},"end":{"line":19,"column":62}},"7":{"start":{"line":20,"column":4},"end":{"line":20,"column":62}},"8":{"start":{"line":20,"column":29},"end":{"line":20,"column":62}},"9":{"start":{"line":21,"column":4},"end":{"line":21,"column":58}},"10":{"start":{"line":24,"column":2},"end":{"line":35,"column":4}},"11":{"start":{"line":38,"column":0},"end":{"line":44,"column":2}}},"fnMap":{"0":{"name":"(anonymous_0)","decl":{"start":{"line":10,"column":14},"end":{"line":10,"column":15}},"loc":{"start":{"line":10,"column":87},"end":{"line":36,"column":1}},"line":10},"1":{"name":"(anonymous_1)","decl":{"start":{"line":17,"column":24},"end":{"line":17,"column":25}},"loc":{"start":{"line":17,"column":30},"end":{"line":22,"column":3}},"line":17}},"branchMap":{"0":{"loc":{"start":{"line":10,"column":36},"end":{"line":10,"column":51}},"type":"default-arg","locations":[{"start":{"line":10,"column":43},"end":{"line":10,"column":51}}],"line":10},"1":{"loc":{"start":{"line":10,"column":53},"end":{"line":10,"column":64}},"type":"default-arg","locations":[{"start":{"line":10,"column":60},"end":{"line":10,"column":64}}],"line":10},"2":{"loc":{"start":{"line":10,"column":66},"end":{"line":10,"column":80}},"type":"default-arg","locations":[{"start":{"line":10,"column":78},"end":{"line":10,"column":80}}],"line":10},"3":{"loc":{"start":{"line":18,"column":4},"end":{"line":18,"column":58}},"type":"if","locations":[{"start":{"line":18,"column":4},"end":{"line":18,"column":58}},{"start":{},"end":{}}],"line":18},"4":{"loc":{"start":{"line":19,"column":4},"end":{"line":19,"column":62}},"type":"if","locations":[{"start":{"line":19,"column":4},"end":{"line":19,"column":62}},{"start":{},"end":{}}],"line":19},"5":{"loc":{"start":{"line":20,"column":4},"end":{"line":20,"column":62}},"type":"if","locations":[{"start":{"line":20,"column":4},"end":{"line":20,"column":62}},{"start":{},"end":{}}],"line":20},"6":{"loc":{"start":{"line":33,"column":7},"end":{"line":33,"column":38}},"type":"binary-expr","locations":[{"start":{"line":33,"column":7},"end":{"line":33,"column":15}},{"start":{"line":33,"column":19},"end":{"line":33,"column":38}}],"line":33}},"s":{"0":1,"1":9,"2":9,"3":9,"4":7,"5":2,"6":1,"7":1,"8":1,"9":0,"10":9,"11":1},"f":{"0":9,"1":9},"b":{"0":[0],"1":[6],"2":[8],"3":[7,2],"4":[1,1],"5":[1,0],"6":[9,1]},"_coverageSchema":"1a1c01bbd47fc00a2c39e90264f33305004495a9","hash":"c35994229cc97917d171adf0618fcbc52b7ac33d"}
,"/home/user/testing-and-debugging-ensuring-mern-app-reliability-PhilipOndieki/client/src/components/common/Button.jsx": {"path":"/home/user/testing-and-debugging-ensuring-mern-app-reliability-PhilipOndieki/client/src/components/common/Button.jsx","statementMap":{"0":{"start":{"line":9,"column":15},"end":{"line":75,"column":1}},"1":{"start":{"line":19,"column":21},"end":{"line":19,"column":242}},"2":{"start":{"line":21,"column":19},"end":{"line":26,"column":3}},"3":{"start":{"line":28,"column":16},"end":{"line":32,"column":3}},"4":{"start":{"line":34,"column":2},"end":{"line":74,"column":4}},"5":{"start":{"line":77,"column":0},"end":{"line":85,"column":2}}},"fnMap":{"0":{"name":"(anonymous_0)","decl":{"start":{"line":9,"column":15},"end":{"line":9,"column":16}},"loc":{"start":{"line":18,"column":6},"end":{"line":75,"column":1}},"line":18}},"branchMap":{"0":{"loc":{"start":{"line":11,"column":2},"end":{"line":11,"column":21}},"type":"default-arg","locations":[{"start":{"line":11,"column":12},"end":{"line":11,"column":21}}],"line":11},"1":{"loc":{"start":{"line":12,"column":2},"end":{"line":12,"column":13}},"type":"default-arg","locations":[{"start":{"line":12,"column":9},"end":{"line":12,"column":13}}],"line":12},"2":{"loc":{"start":{"line":13,"column":2},"end":{"line":13,"column":18}},"type":"default-arg","locations":[{"start":{"line":13,"column":13},"end":{"line":13,"column":18}}],"line":13},"3":{"loc":{"start":{"line":14,"column":2},"end":{"line":14,"column":17}},"type":"default-arg","locations":[{"start":{"line":14,"column":12},"end":{"line":14,"column":17}}],"line":14},"4":{"loc":{"start":{"line":15,"column":2},"end":{"line":15,"column":16}},"type":"default-arg","locations":[{"start":{"line":15,"column":14},"end":{"line":15,"column":16}}],"line":15},"5":{"loc":{"start":{"line":16,"column":2},"end":{"line":16,"column":17}},"type":"default-arg","locations":[{"start":{"line":16,"column":9},"end":{"line":16,"column":17}}],"line":16},"6":{"loc":{"start":{"line":37,"column":16},"end":{"line":37,"column":35}},"type":"binary-expr","locations":[{"start":{"line":37,"column":16},"end":{"line":37,"column":24}},{"start":{"line":37,"column":28},"end":{"line":37,"column":35}}],"line":37},"7":{"loc":{"start":{"line":46,"column":7},"end":{"line":72,"column":7}},"type":"cond-expr","locations":[{"start":{"line":47,"column":8},"end":{"line":69,"column":11}},{"start":{"line":71,"column":8},"end":{"line":71,"column":16}}],"line":46}},"s":{"0":1,"1":14,"2":14,"3":14,"4":14,"5":1},"f":{"0":14},"b":{"0":[12],"1":[11],"2":[12],"3":[13],"4":[13],"5":[12],"6":[14,12],"7":[1,13]},"_coverageSchema":"1a1c01bbd47fc00a2c39e90264f33305004495a9","hash":"5b747f7e8fe7a36524f92a63b1abbd2662684613"}
,"/home/user/testing-and-debugging-ensuring-mern-app-reliability-PhilipOndieki/client/src/components/common/Input.jsx": {"path":"/home/user/testing-and-debugging-ensuring-mern-app-reliability-PhilipOndieki/client/src/components/common/Input.jsx","statementMap":{"0":{"start":{"line":10,"column":14},"end":{"line":45,"column":2}},"1":{"start":{"line":16,"column":2},"end":{"line":44,"column":4}},"2":{"start":{"line":47,"column":0},"end":{"line":47,"column":28}},"3":{"start":{"line":49,"column":0},"end":{"line":56,"column":2}}},"fnMap":{"0":{"name":"(anonymous_0)","decl":{"start":{"line":10,"column":25},"end":{"line":10,"column":26}},"loc":{"start":{"line":15,"column":11},"end":{"line":45,"column":1}},"line":15}},"branchMap":{"0":{"loc":{"start":{"line":13,"column":2},"end":{"line":13,"column":16}},"type":"default-arg","locations":[{"start":{"line":13,"column":14},"end":{"line":13,"column":16}}],"line":13},"1":{"loc":{"start":{"line":18,"column":7},"end":{"line":26,"column":7}},"type":"binary-expr","locations":[{"start":{"line":18,"column":7},"end":{"line":18,"column":12}},{"start":{"line":19,"column":8},"end":{"line":25,"column":16}}],"line":18},"2":{"loc":{"start":{"line":20,"column":19},"end":{"line":20,"column":41}},"type":"binary-expr","locations":[{"start":{"line":20,"column":19},"end":{"line":20,"column":27}},{"start":{"line":20,"column":31},"end":{"line":20,"column":41}}],"line":20},"3":{"loc":{"start":{"line":24,"column":11},"end":{"line":24,"column":79}},"type":"binary-expr","locations":[{"start":{"line":24,"column":11},"end":{"line":24,"column":25}},{"start":{"line":24,"column":29},"end":{"line":24,"column":79}}],"line":24},"4":{"loc":{"start":{"line":35,"column":10},"end":{"line":35,"column":66}},"type":"binary-expr","locations":[{"start":{"line":35,"column":10},"end":{"line":35,"column":15}},{"start":{"line":35,"column":19},"end":{"line":35,"column":66}}],"line":35},"5":{"loc":{"start":{"line":40,"column":7},"end":{"line":42,"column":7}},"type":"binary-expr","locations":[{"start":{"line":40,"column":7},"end":{"line":40,"column":12}},{"start":{"line":41,"column":8},"end":{"line":41,"column":66}}],"line":40}},"s":{"0":0,"1":0,"2":0,"3":0},"f":{"0":0},"b":{"0":[0],"1":[0,0],"2":[0,0],"3":[0,0],"4":[0,0],"5":[0,0]}}
,"/home/user/testing-and-debugging-ensuring-mern-app-reliability-PhilipOndieki/client/src/components/common/Loading.jsx": {"path":"/home/user/testing-and-debugging-ensuring-mern-app-reliability-PhilipOndieki/client/src/components/common/Loading.jsx","statementMap":{"0":{"start":{"line":9,"column":16},"end":{"line":41,"column":1}},"1":{"start":{"line":10,"column":16},"end":{"line":15,"column":3}},"2":{"start":{"line":17,"column":2},"end":{"line":40,"column":4}},"3":{"start":{"line":43,"column":0},"end":{"line":46,"column":2}}},"fnMap":{"0":{"name":"(anonymous_0)","decl":{"start":{"line":9,"column":16},"end":{"line":9,"column":17}},"loc":{"start":{"line":9,"column":53},"end":{"line":41,"column":1}},"line":9}},"branchMap":{"0":{"loc":{"start":{"line":9,"column":19},"end":{"line":9,"column":30}},"type":"default-arg","locations":[{"start":{"line":9,"column":26},"end":{"line":9,"column":30}}],"line":9},"1":{"loc":{"start":{"line":9,"column":32},"end":{"line":9,"column":46}},"type":"default-arg","locations":[{"start":{"line":9,"column":44},"end":{"line":9,"column":46}}],"line":9}},"s":{"0":0,"1":0,"2":0,"3":0},"f":{"0":0},"b":{"0":[0],"1":[0]}}
,"/home/user/testing-and-debugging-ensuring-mern-app-reliability-PhilipOndieki/client/src/components/common/Modal.jsx": {"path":"/home/user/testing-and-debugging-ensuring-mern-app-reliability-PhilipOndieki/client/src/components/common/Modal.jsx","statementMap":{"0":{"start":{"line":12,"column":14},"end":{"line":103,"column":1}},"1":{"start":{"line":20,"column":25},"end":{"line":20,"column":37}},"2":{"start":{"line":22,"column":21},"end":{"line":27,"column":3}},"3":{"start":{"line":30,"column":2},"end":{"line":34,"column":15}},"4":{"start":{"line":31,"column":4},"end":{"line":33,"column":5}},"5":{"start":{"line":32,"column":6},"end":{"line":32,"column":37}},"6":{"start":{"line":36,"column":2},"end":{"line":102,"column":4}},"7":{"start":{"line":105,"column":0},"end":{"line":112,"column":2}}},"fnMap":{"0":{"name":"(anonymous_0)","decl":{"start":{"line":12,"column":14},"end":{"line":12,"column":15}},"loc":{"start":{"line":19,"column":6},"end":{"line":103,"column":1}},"line":19},"1":{"name":"(anonymous_1)","decl":{"start":{"line":30,"column":12},"end":{"line":30,"column":13}},"loc":{"start":{"line":30,"column":18},"end":{"line":34,"column":3}},"line":30}},"branchMap":{"0":{"loc":{"start":{"line":17,"column":2},"end":{"line":17,"column":13}},"type":"default-arg","locations":[{"start":{"line":17,"column":9},"end":{"line":17,"column":13}}],"line":17},"1":{"loc":{"start":{"line":18,"column":2},"end":{"line":18,"column":16}},"type":"default-arg","locations":[{"start":{"line":18,"column":14},"end":{"line":18,"column":16}}],"line":18},"2":{"loc":{"start":{"line":31,"column":4},"end":{"line":33,"column":5}},"type":"if","locations":[{"start":{"line":31,"column":4},"end":{"line":33,"column":5}},{"start":{},"end":{}}],"line":31},"3":{"loc":{"start":{"line":31,"column":8},"end":{"line":31,"column":40}},"type":"binary-expr","locations":[{"start":{"line":31,"column":8},"end":{"line":31,"column":14}},{"start":{"line":31,"column":18},"end":{"line":31,"column":40}}],"line":31}},"s":{"0":0,"1":0,"2":0,"3":0,"4":0,"5":0,"6":0,"7":0},"f":{"0":0,"1":0},"b":{"0":[0],"1":[0],"2":[0,0],"3":[0,0]}}
,"/home/user/testing-and-debugging-ensuring-mern-app-reliability-PhilipOndieki/client/src/components/common/SearchInput.jsx": {"path":"/home/user/testing-and-debugging-ensuring-mern-app-reliability-PhilipOndieki/client/src/components/common/SearchInput.jsx","statementMap":{"0":{"start":{"line":12,"column":20},"end":{"line":53,"column":1}},"1":{"start":{"line":18,"column":28},"end":{"line":18,"column":40}},"2":{"start":{"line":19,"column":25},"end":{"line":19,"column":50}},"3":{"start":{"line":21,"column":2},"end":{"line":23,"column":33}},"4":{"start":{"line":22,"column":4},"end":{"line":22,"column":29}},"5":{"start":{"line":25,"column":22},"end":{"line":28,"column":3}},"6":{"start":{"line":26,"column":4},"end":{"line":26,"column":17}},"7":{"start":{"line":27,"column":4},"end":{"line":27,"column":17}},"8":{"start":{"line":30,"column":2},"end":{"line":52,"column":4}},"9":{"start":{"line":38,"column":25},"end":{"line":38,"column":49}},"10":{"start":{"line":55,"column":0},"end":{"line":60,"column":2}}},"fnMap":{"0":{"name":"(anonymous_0)","decl":{"start":{"line":12,"column":20},"end":{"line":12,"column":21}},"loc":{"start":{"line":17,"column":6},"end":{"line":53,"column":1}},"line":17},"1":{"name":"(anonymous_1)","decl":{"start":{"line":21,"column":12},"end":{"line":21,"column":13}},"loc":{"start":{"line":21,"column":18},"end":{"line":23,"column":3}},"line":21},"2":{"name":"(anonymous_2)","decl":{"start":{"line":25,"column":22},"end":{"line":25,"column":23}},"loc":{"start":{"line":25,"column":28},"end":{"line":28,"column":3}},"line":25},"3":{"name":"(anonymous_3)","decl":{"start":{"line":38,"column":18},"end":{"line":38,"column":19}},"loc":{"start":{"line":38,"column":25},"end":{"line":38,"column":49}},"line":38}},"branchMap":{"0":{"loc":{"start":{"line":13,"column":2},"end":{"line":13,"column":27}},"type":"default-arg","locations":[{"start":{"line":13,"column":16},"end":{"line":13,"column":27}}],"line":13},"1":{"loc":{"start":{"line":15,"column":2},"end":{"line":15,"column":13}},"type":"default-arg","locations":[{"start":{"line":15,"column":10},"end":{"line":15,"column":13}}],"line":15},"2":{"loc":{"start":{"line":16,"column":2},"end":{"line":16,"column":16}},"type":"default-arg","locations":[{"start":{"line":16,"column":14},"end":{"line":16,"column":16}}],"line":16},"3":{"loc":{"start":{"line":42,"column":7},"end":{"line":50,"column":7}},"type":"binary-expr","locations":[{"start":{"line":42,"column":7},"end":{"line":42,"column":12}},{"start":{"line":43,"column":8},"end":{"line":49,"column":17}}],"line":42}},"s":{"0":0,"1":0,"2":0,"3":0,"4":0,"5":0,"6":0,"7":0,"8":0,"9":0,"10":0},"f":{"0":0,"1":0,"2":0,"3":0},"b":{"0":[0],"1":[0],"2":[0],"3":[0,0]}}
,"/home/user/testing-and-debugging-ensuring-mern-app-reliability-PhilipOndieki/client/src/components/common/Select.jsx": {"path":"/home/user/testing-and-debugging-ensuring-mern-app-reliability-PhilipOndieki/client/src/components/common/Select.jsx","statementMap":{"0":{"start":{"line":10,"column":15},"end":{"line":58,"column":2}},"1":{"start":{"line":18,"column":2},"end":{"line":57,"column":4}},"2":{"start":{"line":48,"column":10},"end":{"line":50,"column":19}},"3":{"start":{"line":60,"column":0},"end":{"line":60,"column":30}},"4":{"start":{"line":62,"column":0},"end":{"line":76,"column":2}}},"fnMap":{"0":{"name":"(anonymous_0)","decl":{"start":{"line":10,"column":26},"end":{"line":10,"column":27}},"loc":{"start":{"line":17,"column":11},"end":{"line":58,"column":1}},"line":17},"1":{"name":"(anonymous_1)","decl":{"start":{"line":47,"column":21},"end":{"line":47,"column":22}},"loc":{"start":{"line":48,"column":10},"end":{"line":50,"column":19}},"line":48}},"branchMap":{"0":{"loc":{"start":{"line":13,"column":2},"end":{"line":13,"column":14}},"type":"default-arg","locations":[{"start":{"line":13,"column":12},"end":{"line":13,"column":14}}],"line":13},"1":{"loc":{"start":{"line":14,"column":2},"end":{"line":14,"column":34}},"type":"default-arg","locations":[{"start":{"line":14,"column":16},"end":{"line":14,"column":34}}],"line":14},"2":{"loc":{"start":{"line":15,"column":2},"end":{"line":15,"column":16}},"type":"default-arg","locations":[{"start":{"line":15,"column":14},"end":{"line":15,"column":16}}],"line":15},"3":{"loc":{"start":{"line":20,"column":7},"end":{"line":28,"column":7}},"type":"binary-expr","locations":[{"start":{"line":20,"column":7},"end":{"line":20,"column":12}},{"start":{"line":21,"column":8},"end":{"line":27,"column":16}}],"line":20},"4":{"loc":{"start":{"line":22,"column":19},"end":{"line":22,"column":41}},"type":"binary-expr","locations":[{"start":{"line":22,"column":19},"end":{"line":22,"column":27}},{"start":{"line":22,"column":31},"end":{"line":22,"column":41}}],"line":22},"5":{"loc":{"start":{"line":26,"column":11},"end":{"line":26,"column":79}},"type":"binary-expr","locations":[{"start":{"line":26,"column":11},"end":{"line":26,"column":25}},{"start":{"line":26,"column":29},"end":{"line":26,"column":79}}],"line":26},"6":{"loc":{"start":{"line":37,"column":10},"end":{"line":37,"column":66}},"type":"binary-expr","locations":[{"start":{"line":37,"column":10},"end":{"line":37,"column":15}},{"start":{"line":37,"column":19},"end":{"line":37,"column":66}}],"line":37},"7":{"loc":{"start":{"line":42,"column":9},"end":{"line":46,"column":9}},"type":"binary-expr","locations":[{"start":{"line":42,"column":9},"end":{"line":42,"column":20}},{"start":{"line":43,"column":10},"end":{"line":45,"column":19}}],"line":42},"8":{"loc":{"start":{"line":53,"column":7},"end":{"line":55,"column":7}},"type":"binary-expr","locations":[{"start":{"line":53,"column":7},"end":{"line":53,"column":12}},{"start":{"line":54,"column":8},"end":{"line":54,"column":66}}],"line":53}},"s":{"0":0,"1":0,"2":0,"3":0,"4":0},"f":{"0":0,"1":0},"b":{"0":[0],"1":[0],"2":[0],"3":[0,0],"4":[0,0],"5":[0,0],"6":[0,0],"7":[0,0],"8":[0,0]}}
,"/home/user/testing-and-debugging-ensuring-mern-app-reliability-PhilipOndieki/client/src/components/common/Skeleton.jsx": {"path":"/home/user/testing-and-debugging-ensuring-mern-app-reliability-PhilipOndieki/client/src/components/common/Skeleton.jsx","statementMap":{"0":{"start":{"line":9,"column":17},"end":{"line":24,"column":1}},"1":{"start":{"line":10,"column":21},"end":{"line":10,"column":59}},"2":{"start":{"line":12,"column":19},"end":{"line":16,"column":3}},"3":{"start":{"line":18,"column":2},"end":{"line":23,"column":4}},"4":{"start":{"line":26,"column":0},"end":{"line":29,"column":2}}},"fnMap":{"0":{"name":"(anonymous_0)","decl":{"start":{"line":9,"column":17},"end":{"line":9,"column":18}},"loc":{"start":{"line":9,"column":76},"end":{"line":24,"column":1}},"line":9}},"branchMap":{"0":{"loc":{"start":{"line":9,"column":20},"end":{"line":9,"column":34}},"type":"default-arg","locations":[{"start":{"line":9,"column":32},"end":{"line":9,"column":34}}],"line":9},"1":{"loc":{"start":{"line":9,"column":36},"end":{"line":9,"column":59}},"type":"default-arg","locations":[{"start":{"line":9,"column":46},"end":{"line":9,"column":59}}],"line":9}},"s":{"0":0,"1":0,"2":0,"3":0,"4":0},"f":{"0":0},"b":{"0":[0],"1":[0]}}
,"/home/user/testing-and-debugging-ensuring-mern-app-reliability-PhilipOndieki/client/src/components/common/Textarea.jsx": {"path":"/home/user/testing-and-debugging-ensuring-mern-app-reliability-PhilipOndieki/client/src/components/common/Textarea.jsx","statementMap":{"0":{"start":{"line":10,"column":17},"end":{"line":47,"column":2}},"1":{"start":{"line":17,"column":2},"end":{"line":46,"column":4}},"2":{"start":{"line":49,"column":0},"end":{"line":49,"column":34}},"3":{"start":{"line":51,"column":0},"end":{"line":59,"column":2}}},"fnMap":{"0":{"name":"(anonymous_0)","decl":{"start":{"line":10,"column":28},"end":{"line":10,"column":29}},"loc":{"start":{"line":16,"column":11},"end":{"line":47,"column":1}},"line":16}},"branchMap":{"0":{"loc":{"start":{"line":13,"column":2},"end":{"line":13,"column":10}},"type":"default-arg","locations":[{"start":{"line":13,"column":9},"end":{"line":13,"column":10}}],"line":13},"1":{"loc":{"start":{"line":14,"column":2},"end":{"line":14,"column":16}},"type":"default-arg","locations":[{"start":{"line":14,"column":14},"end":{"line":14,"column":16}}],"line":14},"2":{"loc":{"start":{"line":19,"column":7},"end":{"line":27,"column":7}},"type":"binary-expr","locations":[{"start":{"line":19,"column":7},"end":{"line":19,"column":12}},{"start":{"line":20,"column":8},"end":{"line":26,"column":16}}],"line":19},"3":{"loc":{"start":{"line":21,"column":19},"end":{"line":21,"column":41}},"type":"binary-expr","locations":[{"start":{"line":21,"column":19},"end":{"line":21,"column":27}},{"start":{"line":21,"column":31},"end":{"line":21,"column":41}}],"line":21},"4":{"loc":{"start":{"line":25,"column":11},"end":{"line":25,"column":79}},"type":"binary-expr","locations":[{"start":{"line":25,"column":11},"end":{"line":25,"column":25}},{"start":{"line":25,"column":29},"end":{"line":25,"column":79}}],"line":25},"5":{"loc":{"start":{"line":37,"column":10},"end":{"line":37,"column":66}},"type":"binary-expr","locations":[{"start":{"line":37,"column":10},"end":{"line":37,"column":15}},{"start":{"line":37,"column":19},"end":{"line":37,"column":66}}],"line":37},"6":{"loc":{"start":{"line":42,"column":7},"end":{"line":44,"column":7}},"type":"binary-expr","locations":[{"start":{"line":42,"column":7},"end":{"line":42,"column":12}},{"start":{"line":43,"column":8},"end":{"line":43,"column":66}}],"line":42}},"s":{"0":0,"1":0,"2":0,"3":0},"f":{"0":0},"b":{"0":[0],"1":[0],"2":[0,0],"3":[0,0],"4":[0,0],"5":[0,0],"6":[0,0]}}
,"/home/user/testing-and-debugging-ensuring-mern-app-reliability-PhilipOndieki/client/src/components/error/ErrorBoundary.jsx": {"path":"/home/user/testing-and-debugging-ensuring-mern-app-reliability-PhilipOndieki/client/src/components/error/ErrorBoundary.jsx","statementMap":{"0":{"start":{"line":12,"column":4},"end":{"line":12,"column":17}},"1":{"start":{"line":13,"column":4},"end":{"line":17,"column":6}},"2":{"start":{"line":21,"column":4},"end":{"line":21,"column":30}},"3":{"start":{"line":25,"column":4},"end":{"line":25,"column":70}},"4":{"start":{"line":27,"column":4},"end":{"line":30,"column":7}},"5":{"start":{"line":33,"column":4},"end":{"line":35,"column":5}},"6":{"start":{"line":38,"column":16},"end":{"line":44,"column":3}},"7":{"start":{"line":39,"column":4},"end":{"line":43,"column":7}},"8":{"start":{"line":47,"column":4},"end":{"line":55,"column":5}},"9":{"start":{"line":48,"column":6},"end":{"line":54,"column":8}},"10":{"start":{"line":57,"column":4},"end":{"line":57,"column":31}},"11":{"start":{"line":61,"column":0},"end":{"line":63,"column":2}}},"fnMap":{"0":{"name":"(anonymous_0)","decl":{"start":{"line":11,"column":2},"end":{"line":11,"column":3}},"loc":{"start":{"line":11,"column":21},"end":{"line":18,"column":3}},"line":11},"1":{"name":"(anonymous_1)","decl":{"start":{"line":20,"column":2},"end":{"line":20,"column":3}},"loc":{"start":{"line":20,"column":41},"end":{"line":22,"column":3}},"line":20},"2":{"name":"(anonymous_2)","decl":{"start":{"line":24,"column":2},"end":{"line":24,"column":3}},"loc":{"start":{"line":24,"column":38},"end":{"line":36,"column":3}},"line":24},"3":{"name":"(anonymous_3)","decl":{"start":{"line":38,"column":16},"end":{"line":38,"column":17}},"loc":{"start":{"line":38,"column":22},"end":{"line":44,"column":3}},"line":38},"4":{"name":"(anonymous_4)","decl":{"start":{"line":46,"column":2},"end":{"line":46,"column":3}},"loc":{"start":{"line":46,"column":11},"end":{"line":58,"column":3}},"line":46}},"branchMap":{"0":{"loc":{"start":{"line":33,"column":4},"end":{"line":35,"column":5}},"type":"if","locations":[{"start":{"line":33,"column":4},"end":{"line":35,"column":5}},{"start":{},"end":{}}],"line":33},"1":{"loc":{"start":{"line":47,"column":4},"end":{"line":55,"column":5}},"type":"if","locations":[{"start":{"line":47,"column":4},"end":{"line":55,"column":5}},{"start":{},"end":{}}],"line":47}},"s":{"0":0,"1":0,"2":0,"3":0,"4":0,"5":0,"6":0,"7":0,"8":0,"9":0,"10":0,"11":0},"f":{"0":0,"1":0,"2":0,"3":0,"4":0},"b":{"0":[0,0],"1":[0,0]}}
,"/home/user/testing-and-debugging-ensuring-mern-app-reliability-PhilipOndieki/client/src/components/error/ErrorFallback.jsx": {"path":"/home/user/testing-and-debugging-ensuring-mern-app-reliability-PhilipOndieki/client/src/components/error/ErrorFallback.jsx","statementMap":{"0":{"start":{"line":10,"column":22},"end":{"line":58,"column":1}},"1":{"start":{"line":11,"column":24},"end":{"line":11,"column":43}},"2":{"start":{"line":13,"column":2},"end":{"line":57,"column":4}},"3":{"start":{"line":48,"column":27},"end":{"line":48,"column":53}},"4":{"start":{"line":60,"column":0},"end":{"line":64,"column":2}}},"fnMap":{"0":{"name":"(anonymous_0)","decl":{"start":{"line":10,"column":22},"end":{"line":10,"column":23}},"loc":{"start":{"line":10,"column":60},"end":{"line":58,"column":1}},"line":10},"1":{"name":"(anonymous_1)","decl":{"start":{"line":48,"column":21},"end":{"line":48,"column":22}},"loc":{"start":{"line":48,"column":27},"end":{"line":48,"column":53}},"line":48}},"branchMap":{"0":{"loc":{"start":{"line":26,"column":9},"end":{"line":40,"column":9}},"type":"binary-expr","locations":[{"start":{"line":26,"column":9},"end":{"line":26,"column":22}},{"start":{"line":26,"column":26},"end":{"line":26,"column":31}},{"start":{"line":27,"column":10},"end":{"line":39,"column":20}}],"line":26},"1":{"loc":{"start":{"line":33,"column":15},"end":{"line":37,"column":15}},"type":"binary-expr","locations":[{"start":{"line":33,"column":15},"end":{"line":33,"column":24}},{"start":{"line":34,"column":16},"end":{"line":36,"column":22}}],"line":33}},"s":{"0":0,"1":0,"2":0,"3":0,"4":0},"f":{"0":0,"1":0},"b":{"0":[0,0,0],"1":[0,0]}}
,"/home/user/testing-and-debugging-ensuring-mern-app-reliability-PhilipOndieki/client/src/components/layout/Header.jsx": {"path":"/home/user/testing-and-debugging-ensuring-mern-app-reliability-PhilipOndieki/client/src/components/layout/Header.jsx","statementMap":{"0":{"start":{"line":10,"column":15},"end":{"line":49,"column":1}},"1":{"start":{"line":11,"column":2},"end":{"line":48,"column":4}},"2":{"start":{"line":51,"column":0},"end":{"line":54,"column":2}}},"fnMap":{"0":{"name":"(anonymous_0)","decl":{"start":{"line":10,"column":15},"end":{"line":10,"column":16}},"loc":{"start":{"line":10,"column":56},"end":{"line":49,"column":1}},"line":10}},"branchMap":{},"s":{"0":0,"1":0,"2":0},"f":{"0":0},"b":{}}
,"/home/user/testing-and-debugging-ensuring-mern-app-reliability-PhilipOndieki/client/src/components/layout/Layout.jsx": {"path":"/home/user/testing-and-debugging-ensuring-mern-app-reliability-PhilipOndieki/client/src/components/layout/Layout.jsx","statementMap":{"0":{"start":{"line":11,"column":15},"end":{"line":33,"column":1}},"1":{"start":{"line":12,"column":50},"end":{"line":12,"column":65}},"2":{"start":{"line":14,"column":27},"end":{"line":14,"column":71}},"3":{"start":{"line":14,"column":33},"end":{"line":14,"column":71}},"4":{"start":{"line":15,"column":26},"end":{"line":15,"column":58}},"5":{"start":{"line":15,"column":32},"end":{"line":15,"column":58}},"6":{"start":{"line":17,"column":2},"end":{"line":32,"column":4}},"7":{"start":{"line":35,"column":0},"end":{"line":37,"column":2}}},"fnMap":{"0":{"name":"(anonymous_0)","decl":{"start":{"line":11,"column":15},"end":{"line":11,"column":16}},"loc":{"start":{"line":11,"column":33},"end":{"line":33,"column":1}},"line":11},"1":{"name":"(anonymous_1)","decl":{"start":{"line":14,"column":27},"end":{"line":14,"column":28}},"loc":{"start":{"line":14,"column":33},"end":{"line":14,"column":71}},"line":14},"2":{"name":"(anonymous_2)","decl":{"start":{"line":15,"column":26},"end":{"line":15,"column":27}},"loc":{"start":{"line":15,"column":32},"end":{"line":15,"column":58}},"line":15}},"branchMap":{},"s":{"0":0,"1":0,"2":0,"3":0,"4":0,"5":0,"6":0,"7":0},"f":{"0":0,"1":0,"2":0},"b":{}}
,"/home/user/testing-and-debugging-ensuring-mern-app-reliability-PhilipOndieki/client/src/components/layout/MobileMenu.jsx": {"path":"/home/user/testing-and-debugging-ensuring-mern-app-reliability-PhilipOndieki/client/src/components/layout/MobileMenu.jsx","statementMap":{"0":{"start":{"line":12,"column":19},"end":{"line":60,"column":1}},"1":{"start":{"line":13,"column":2},"end":{"line":59,"column":4}},"2":{"start":{"line":62,"column":0},"end":{"line":65,"column":2}}},"fnMap":{"0":{"name":"(anonymous_0)","decl":{"start":{"line":12,"column":19},"end":{"line":12,"column":20}},"loc":{"start":{"line":12,"column":44},"end":{"line":60,"column":1}},"line":12}},"branchMap":{},"s":{"0":0,"1":0,"2":0},"f":{"0":0},"b":{}}
,"/home/user/testing-and-debugging-ensuring-mern-app-reliability-PhilipOndieki/client/src/components/layout/Sidebar.jsx": {"path":"/home/user/testing-and-debugging-ensuring-mern-app-reliability-PhilipOndieki/client/src/components/layout/Sidebar.jsx","statementMap":{"0":{"start":{"line":11,"column":16},"end":{"line":59,"column":1}},"1":{"start":{"line":12,"column":19},"end":{"line":15,"column":3}},"2":{"start":{"line":17,"column":2},"end":{"line":58,"column":4}},"3":{"start":{"line":33,"column":10},"end":{"line":47,"column":20}},"4":{"start":{"line":38,"column":14},"end":{"line":42,"column":15}},"5":{"start":{"line":61,"column":0},"end":{"line":63,"column":2}}},"fnMap":{"0":{"name":"(anonymous_0)","decl":{"start":{"line":11,"column":16},"end":{"line":11,"column":17}},"loc":{"start":{"line":11,"column":33},"end":{"line":59,"column":1}},"line":11},"1":{"name":"(anonymous_1)","decl":{"start":{"line":32,"column":22},"end":{"line":32,"column":23}},"loc":{"start":{"line":33,"column":10},"end":{"line":47,"column":20}},"line":33},"2":{"name":"(anonymous_2)","decl":{"start":{"line":37,"column":23},"end":{"line":37,"column":24}},"loc":{"start":{"line":38,"column":14},"end":{"line":42,"column":15}},"line":38}},"branchMap":{"0":{"loc":{"start":{"line":41,"column":16},"end":{"line":41,"column":84}},"type":"cond-expr","locations":[{"start":{"line":41,"column":27},"end":{"line":41,"column":60}},{"start":{"line":41,"column":63},"end":{"line":41,"column":84}}],"line":41}},"s":{"0":0,"1":0,"2":0,"3":0,"4":0,"5":0},"f":{"0":0,"1":0,"2":0},"b":{"0":[0,0]}}
,"/home/user/testing-and-debugging-ensuring-mern-app-reliability-PhilipOndieki/client/src/context/BugContext.jsx": {"path":"/home/user/testing-and-debugging-ensuring-mern-app-reliability-PhilipOndieki/client/src/context/BugContext.jsx","statementMap":{"0":{"start":{"line":10,"column":19},"end":{"line":10,"column":34}},"1":{"start":{"line":12,"column":21},"end":{"line":22,"column":1}},"2":{"start":{"line":24,"column":27},"end":{"line":32,"column":1}},"3":{"start":{"line":25,"column":28},"end":{"line":25,"column":64}},"4":{"start":{"line":27,"column":2},"end":{"line":31,"column":4}},"5":{"start":{"line":34,"column":0},"end":{"line":36,"column":2}},"6":{"start":{"line":38,"column":29},"end":{"line":44,"column":1}},"7":{"start":{"line":39,"column":18},"end":{"line":39,"column":40}},"8":{"start":{"line":40,"column":2},"end":{"line":42,"column":3}},"9":{"start":{"line":41,"column":4},"end":{"line":41,"column":71}},"10":{"start":{"line":43,"column":2},"end":{"line":43,"column":17}}},"fnMap":{"0":{"name":"(anonymous_0)","decl":{"start":{"line":24,"column":27},"end":{"line":24,"column":28}},"loc":{"start":{"line":24,"column":45},"end":{"line":32,"column":1}},"line":24},"1":{"name":"(anonymous_1)","decl":{"start":{"line":38,"column":29},"end":{"line":38,"column":30}},"loc":{"start":{"line":38,"column":35},"end":{"line":44,"column":1}},"line":38}},"branchMap":{"0":{"loc":{"start":{"line":40,"column":2},"end":{"line":42,"column":3}},"type":"if","locations":[{"start":{"line":40,"column":2},"end":{"line":42,"column":3}},{"start":{},"end":{}}],"line":40}},"s":{"0":0,"1":0,"2":0,"3":0,"4":0,"5":0,"6":0,"7":0,"8":0,"9":0,"10":0},"f":{"0":0,"1":0},"b":{"0":[0,0]}}
,"/home/user/testing-and-debugging-ensuring-mern-app-reliability-PhilipOndieki/client/src/context/bugReducer.js": {"path":"/home/user/testing-and-debugging-ensuring-mern-app-reliability-PhilipOndieki/client/src/context/bugReducer.js","statementMap":{"0":{"start":{"line":6,"column":23},"end":{"line":15,"column":1}},"1":{"start":{"line":17,"column":26},"end":{"line":90,"column":1}},"2":{"start":{"line":18,"column":2},"end":{"line":89,"column":3}},"3":{"start":{"line":20,"column":4},"end":{"line":25,"column":6}},"4":{"start":{"line":28,"column":4},"end":{"line":32,"column":6}},"5":{"start":{"line":35,"column":4},"end":{"line":43,"column":6}},"6":{"start":{"line":38,"column":8},"end":{"line":40,"column":15}},"7":{"start":{"line":46,"column":4},"end":{"line":52,"column":6}},"8":{"start":{"line":49,"column":17},"end":{"line":49,"column":72}},"9":{"start":{"line":55,"column":4},"end":{"line":58,"column":6}},"10":{"start":{"line":61,"column":4},"end":{"line":65,"column":6}},"11":{"start":{"line":68,"column":4},"end":{"line":74,"column":6}},"12":{"start":{"line":77,"column":4},"end":{"line":85,"column":6}},"13":{"start":{"line":88,"column":4},"end":{"line":88,"column":17}}},"fnMap":{"0":{"name":"(anonymous_0)","decl":{"start":{"line":17,"column":26},"end":{"line":17,"column":27}},"loc":{"start":{"line":17,"column":45},"end":{"line":90,"column":1}},"line":17},"1":{"name":"(anonymous_1)","decl":{"start":{"line":37,"column":27},"end":{"line":37,"column":28}},"loc":{"start":{"line":38,"column":8},"end":{"line":40,"column":15}},"line":38},"2":{"name":"(anonymous_2)","decl":{"start":{"line":49,"column":8},"end":{"line":49,"column":9}},"loc":{"start":{"line":49,"column":17},"end":{"line":49,"column":72}},"line":49}},"branchMap":{"0":{"loc":{"start":{"line":18,"column":2},"end":{"line":89,"column":3}},"type":"switch","locations":[{"start":{"line":19,"column":2},"end":{"line":25,"column":6}},{"start":{"line":27,"column":2},"end":{"line":32,"column":6}},{"start":{"line":34,"column":2},"end":{"line":43,"column":6}},{"start":{"line":45,"column":2},"end":{"line":52,"column":6}},{"start":{"line":54,"column":2},"end":{"line":58,"column":6}},{"start":{"line":60,"column":2},"end":{"line":65,"column":6}},{"start":{"line":67,"column":2},"end":{"line":74,"column":6}},{"start":{"line":76,"column":2},"end":{"line":85,"column":6}},{"start":{"line":87,"column":2},"end":{"line":88,"column":17}}],"line":18},"1":{"loc":{"start":{"line":38,"column":8},"end":{"line":40,"column":15}},"type":"cond-expr","locations":[{"start":{"line":39,"column":12},"end":{"line":39,"column":26}},{"start":{"line":40,"column":12},"end":{"line":40,"column":15}}],"line":38},"2":{"loc":{"start":{"line":38,"column":8},"end":{"line":38,"column":70}},"type":"binary-expr","locations":[{"start":{"line":38,"column":8},"end":{"line":38,"column":38}},{"start":{"line":38,"column":42},"end":{"line":38,"column":70}}],"line":38},"3":{"loc":{"start":{"line":49,"column":17},"end":{"line":49,"column":72}},"type":"binary-expr","locations":[{"start":{"line":49,"column":17},"end":{"line":49,"column":43}},{"start":{"line":49,"column":47},"end":{"line":49,"column":72}}],"line":49}},"s":{"0":0,"1":0,"2":0,"3":0,"4":0,"5":0,"6":0,"7":0,"8":0,"9":0,"10":0,"11":0,"12":0,"13":0},"f":{"0":0,"1":0,"2":0},"b":{"0":[0,0,0,0,0,0,0,0,0],"1":[0,0],"2":[0,0],"3":[0,0]}}
,"/home/user/testing-and-debugging-ensuring-mern-app-reliability-PhilipOndieki/client/src/hooks/useBugs.js": {"path":"/home/user/testing-and-debugging-ensuring-mern-app-reliability-PhilipOndieki/client/src/hooks/useBugs.js","statementMap":{"0":{"start":{"line":12,"column":23},"end":{"line":120,"column":1}},"1":{"start":{"line":13,"column":30},"end":{"line":13,"column":45}},"2":{"start":{"line":18,"column":20},"end":{"line":28,"column":16}},"3":{"start":{"line":19,"column":4},"end":{"line":27,"column":5}},"4":{"start":{"line":20,"column":6},"end":{"line":20,"column":61}},"5":{"start":{"line":21,"column":23},"end":{"line":21,"column":58}},"6":{"start":{"line":22,"column":6},"end":{"line":22,"column":72}},"7":{"start":{"line":24,"column":27},"end":{"line":24,"column":81}},"8":{"start":{"line":25,"column":6},"end":{"line":25,"column":67}},"9":{"start":{"line":26,"column":6},"end":{"line":26,"column":32}},"10":{"start":{"line":33,"column":20},"end":{"line":44,"column":16}},"11":{"start":{"line":34,"column":4},"end":{"line":43,"column":5}},"12":{"start":{"line":35,"column":23},"end":{"line":35,"column":58}},"13":{"start":{"line":36,"column":6},"end":{"line":36,"column":71}},"14":{"start":{"line":37,"column":6},"end":{"line":37,"column":48}},"15":{"start":{"line":38,"column":6},"end":{"line":38,"column":32}},"16":{"start":{"line":40,"column":27},"end":{"line":40,"column":82}},"17":{"start":{"line":41,"column":6},"end":{"line":41,"column":32}},"18":{"start":{"line":42,"column":6},"end":{"line":42,"column":18}},"19":{"start":{"line":49,"column":20},"end":{"line":60,"column":16}},"20":{"start":{"line":50,"column":4},"end":{"line":59,"column":5}},"21":{"start":{"line":51,"column":23},"end":{"line":51,"column":62}},"22":{"start":{"line":52,"column":6},"end":{"line":52,"column":74}},"23":{"start":{"line":53,"column":6},"end":{"line":53,"column":48}},"24":{"start":{"line":54,"column":6},"end":{"line":54,"column":32}},"25":{"start":{"line":56,"column":27},"end":{"line":56,"column":82}},"26":{"start":{"line":57,"column":6},"end":{"line":57,"column":32}},"27":{"start":{"line":58,"column":6},"end":{"line":58,"column":18}},"28":{"start":{"line":65,"column":19},"end":{"line":76,"column":16}},"29":{"start":{"line":66,"column":4},"end":{"line":75,"column":5}},"30":{"start":{"line":67,"column":23},"end":{"line":67,"column":61}},"31":{"start":{"line":68,"column":6},"end":{"line":68,"column":74}},"32":{"start":{"line":69,"column":6},"end":{"line":69,"column":48}},"33":{"start":{"line":70,"column":6},"end":{"line":70,"column":32}},"34":{"start":{"line":72,"column":27},"end":{"line":72,"column":82}},"35":{"start":{"line":73,"column":6},"end":{"line":73,"column":32}},"36":{"start":{"line":74,"column":6},"end":{"line":74,"column":18}},"37":{"start":{"line":81,"column":20},"end":{"line":91,"column":16}},"38":{"start":{"line":82,"column":4},"end":{"line":90,"column":5}},"39":{"start":{"line":83,"column":6},"end":{"line":83,"column":37}},"40":{"start":{"line":84,"column":6},"end":{"line":84,"column":58}},"41":{"start":{"line":85,"column":6},"end":{"line":85,"column":48}},"42":{"start":{"line":87,"column":27},"end":{"line":87,"column":82}},"43":{"start":{"line":88,"column":6},"end":{"line":88,"column":32}},"44":{"start":{"line":89,"column":6},"end":{"line":89,"column":18}},"45":{"start":{"line":96,"column":21},"end":{"line":98,"column":16}},"46":{"start":{"line":97,"column":4},"end":{"line":97,"column":62}},"47":{"start":{"line":103,"column":23},"end":{"line":105,"column":16}},"48":{"start":{"line":104,"column":4},"end":{"line":104,"column":46}},"49":{"start":{"line":107,"column":2},"end":{"line":119,"column":4}}},"fnMap":{"0":{"name":"(anonymous_0)","decl":{"start":{"line":12,"column":23},"end":{"line":12,"column":24}},"loc":{"start":{"line":12,"column":29},"end":{"line":120,"column":1}},"line":12},"1":{"name":"(anonymous_1)","decl":{"start":{"line":18,"column":32},"end":{"line":18,"column":33}},"loc":{"start":{"line":18,"column":55},"end":{"line":28,"column":3}},"line":18},"2":{"name":"(anonymous_2)","decl":{"start":{"line":33,"column":32},"end":{"line":33,"column":33}},"loc":{"start":{"line":33,"column":51},"end":{"line":44,"column":3}},"line":33},"3":{"name":"(anonymous_3)","decl":{"start":{"line":49,"column":32},"end":{"line":49,"column":33}},"loc":{"start":{"line":49,"column":55},"end":{"line":60,"column":3}},"line":49},"4":{"name":"(anonymous_4)","decl":{"start":{"line":65,"column":31},"end":{"line":65,"column":32}},"loc":{"start":{"line":65,"column":54},"end":{"line":76,"column":3}},"line":65},"5":{"name":"(anonymous_5)","decl":{"start":{"line":81,"column":32},"end":{"line":81,"column":33}},"loc":{"start":{"line":81,"column":46},"end":{"line":91,"column":3}},"line":81},"6":{"name":"(anonymous_6)","decl":{"start":{"line":96,"column":33},"end":{"line":96,"column":34}},"loc":{"start":{"line":96,"column":46},"end":{"line":98,"column":3}},"line":96},"7":{"name":"(anonymous_7)","decl":{"start":{"line":103,"column":35},"end":{"line":103,"column":36}},"loc":{"start":{"line":103,"column":41},"end":{"line":105,"column":3}},"line":103}},"branchMap":{"0":{"loc":{"start":{"line":18,"column":39},"end":{"line":18,"column":50}},"type":"default-arg","locations":[{"start":{"line":18,"column":48},"end":{"line":18,"column":50}}],"line":18},"1":{"loc":{"start":{"line":24,"column":27},"end":{"line":24,"column":81}},"type":"binary-expr","locations":[{"start":{"line":24,"column":27},"end":{"line":24,"column":56}},{"start":{"line":24,"column":60},"end":{"line":24,"column":81}}],"line":24},"2":{"loc":{"start":{"line":40,"column":27},"end":{"line":40,"column":82}},"type":"binary-expr","locations":[{"start":{"line":40,"column":27},"end":{"line":40,"column":56}},{"start":{"line":40,"column":60},"end":{"line":40,"column":82}}],"line":40},"3":{"loc":{"start":{"line":56,"column":27},"end":{"line":56,"column":82}},"type":"binary-expr","locations":[{"start":{"line":56,"column":27},"end":{"line":56,"column":56}},{"start":{"line":56,"column":60},"end":{"line":56,"column":82}}],"line":56},"4":{"loc":{"start":{"line":72,"column":27},"end":{"line":72,"column":82}},"type":"binary-expr","locations":[{"start":{"line":72,"column":27},"end":{"line":72,"column":56}},{"start":{"line":72,"column":60},"end":{"line":72,"column":82}}],"line":72},"5":{"loc":{"start":{"line":87,"column":27},"end":{"line":87,"column":82}},"type":"binary-expr","locations":[{"start":{"line":87,"column":27},"end":{"line":87,"column":56}},{"start":{"line":87,"column":60},"end":{"line":87,"column":82}}],"line":87}},"s":{"0":0,"1":0,"2":0,"3":0,"4":0,"5":0,"6":0,"7":0,"8":0,"9":0,"10":0,"11":0,"12":0,"13":0,"14":0,"15":0,"16":0,"17":0,"18":0,"19":0,"20":0,"21":0,"22":0,"23":0,"24":0,"25":0,"26":0,"27":0,"28":0,"29":0,"30":0,"31":0,"32":0,"33":0,"34":0,"35":0,"36":0,"37":0,"38":0,"39":0,"40":0,"41":0,"42":0,"43":0,"44":0,"45":0,"46":0,"47":0,"48":0,"49":0},"f":{"0":0,"1":0,"2":0,"3":0,"4":0,"5":0,"6":0,"7":0},"b":{"0":[0],"1":[0,0],"2":[0,0],"3":[0,0],"4":[0,0],"5":[0,0]}}
,"/home/user/testing-and-debugging-ensuring-mern-app-reliability-PhilipOndieki/client/src/hooks/useDebounce.js": {"path":"/home/user/testing-and-debugging-ensuring-mern-app-reliability-PhilipOndieki/client/src/hooks/useDebounce.js","statementMap":{"0":{"start":{"line":9,"column":27},"end":{"line":23,"column":1}},"1":{"start":{"line":10,"column":46},"end":{"line":10,"column":61}},"2":{"start":{"line":12,"column":2},"end":{"line":20,"column":21}},"3":{"start":{"line":13,"column":20},"end":{"line":15,"column":13}},"4":{"start":{"line":14,"column":6},"end":{"line":14,"column":31}},"5":{"start":{"line":17,"column":4},"end":{"line":19,"column":6}},"6":{"start":{"line":18,"column":6},"end":{"line":18,"column":28}},"7":{"start":{"line":22,"column":2},"end":{"line":22,"column":24}}},"fnMap":{"0":{"name":"(anonymous_0)","decl":{"start":{"line":9,"column":27},"end":{"line":9,"column":28}},"loc":{"start":{"line":9,"column":62},"end":{"line":23,"column":1}},"line":9},"1":{"name":"(anonymous_1)","decl":{"start":{"line":12,"column":12},"end":{"line":12,"column":13}},"loc":{"start":{"line":12,"column":18},"end":{"line":20,"column":3}},"line":12},"2":{"name":"(anonymous_2)","decl":{"start":{"line":13,"column":31},"end":{"line":13,"column":32}},"loc":{"start":{"line":13,"column":37},"end":{"line":15,"column":5}},"line":13},"3":{"name":"(anonymous_3)","decl":{"start":{"line":17,"column":11},"end":{"line":17,"column":12}},"loc":{"start":{"line":17,"column":17},"end":{"line":19,"column":5}},"line":17}},"branchMap":{"0":{"loc":{"start":{"line":9,"column":35},"end":{"line":9,"column":57}},"type":"default-arg","locations":[{"start":{"line":9,"column":43},"end":{"line":9,"column":57}}],"line":9}},"s":{"0":1,"1":11,"2":11,"3":8,"4":3,"5":8,"6":8,"7":11},"f":{"0":11,"1":8,"2":3,"3":8},"b":{"0":[0]},"_coverageSchema":"1a1c01bbd47fc00a2c39e90264f33305004495a9","hash":"cc2ab4a94d1e0afb1f814e4df3c0e81710370489"}
,"/home/user/testing-and-debugging-ensuring-mern-app-reliability-PhilipOndieki/client/src/hooks/useLocalStorage.js": {"path":"/home/user/testing-and-debugging-ensuring-mern-app-reliability-PhilipOndieki/client/src/hooks/useLocalStorage.js","statementMap":{"0":{"start":{"line":8,"column":31},"end":{"line":48,"column":1}},"1":{"start":{"line":10,"column":40},"end":{"line":18,"column":4}},"2":{"start":{"line":11,"column":4},"end":{"line":17,"column":5}},"3":{"start":{"line":12,"column":19},"end":{"line":12,"column":51}},"4":{"start":{"line":13,"column":6},"end":{"line":13,"column":52}},"5":{"start":{"line":15,"column":6},"end":{"line":15,"column":63}},"6":{"start":{"line":16,"column":6},"end":{"line":16,"column":26}},"7":{"start":{"line":21,"column":19},"end":{"line":29,"column":3}},"8":{"start":{"line":22,"column":4},"end":{"line":28,"column":5}},"9":{"start":{"line":23,"column":27},"end":{"line":23,"column":81}},"10":{"start":{"line":24,"column":6},"end":{"line":24,"column":35}},"11":{"start":{"line":25,"column":6},"end":{"line":25,"column":69}},"12":{"start":{"line":27,"column":6},"end":{"line":27,"column":61}},"13":{"start":{"line":32,"column":2},"end":{"line":45,"column":12}},"14":{"start":{"line":33,"column":32},"end":{"line":41,"column":5}},"15":{"start":{"line":34,"column":6},"end":{"line":40,"column":7}},"16":{"start":{"line":35,"column":8},"end":{"line":39,"column":9}},"17":{"start":{"line":36,"column":10},"end":{"line":36,"column":49}},"18":{"start":{"line":38,"column":10},"end":{"line":38,"column":62}},"19":{"start":{"line":43,"column":4},"end":{"line":43,"column":60}},"20":{"start":{"line":44,"column":4},"end":{"line":44,"column":76}},"21":{"start":{"line":44,"column":17},"end":{"line":44,"column":75}},"22":{"start":{"line":47,"column":2},"end":{"line":47,"column":33}}},"fnMap":{"0":{"name":"(anonymous_0)","decl":{"start":{"line":8,"column":31},"end":{"line":8,"column":32}},"loc":{"start":{"line":8,"column":54},"end":{"line":48,"column":1}},"line":8},"1":{"name":"(anonymous_1)","decl":{"start":{"line":10,"column":49},"end":{"line":10,"column":50}},"loc":{"start":{"line":10,"column":55},"end":{"line":18,"column":3}},"line":10},"2":{"name":"(anonymous_2)","decl":{"start":{"line":21,"column":19},"end":{"line":21,"column":20}},"loc":{"start":{"line":21,"column":30},"end":{"line":29,"column":3}},"line":21},"3":{"name":"(anonymous_3)","decl":{"start":{"line":32,"column":12},"end":{"line":32,"column":13}},"loc":{"start":{"line":32,"column":18},"end":{"line":45,"column":3}},"line":32},"4":{"name":"(anonymous_4)","decl":{"start":{"line":33,"column":32},"end":{"line":33,"column":33}},"loc":{"start":{"line":33,"column":39},"end":{"line":41,"column":5}},"line":33},"5":{"name":"(anonymous_5)","decl":{"start":{"line":44,"column":11},"end":{"line":44,"column":12}},"loc":{"start":{"line":44,"column":17},"end":{"line":44,"column":75}},"line":44}},"branchMap":{"0":{"loc":{"start":{"line":13,"column":13},"end":{"line":13,"column":51}},"type":"cond-expr","locations":[{"start":{"line":13,"column":20},"end":{"line":13,"column":36}},{"start":{"line":13,"column":39},"end":{"line":13,"column":51}}],"line":13},"1":{"loc":{"start":{"line":23,"column":27},"end":{"line":23,"column":81}},"type":"cond-expr","locations":[{"start":{"line":23,"column":55},"end":{"line":23,"column":73}},{"start":{"line":23,"column":76},"end":{"line":23,"column":81}}],"line":23},"2":{"loc":{"start":{"line":34,"column":6},"end":{"line":40,"column":7}},"type":"if","locations":[{"start":{"line":34,"column":6},"end":{"line":40,"column":7}},{"start":{},"end":{}}],"line":34},"3":{"loc":{"start":{"line":34,"column":10},"end":{"line":34,"column":37}},"type":"binary-expr","locations":[{"start":{"line":34,"column":10},"end":{"line":34,"column":23}},{"start":{"line":34,"column":27},"end":{"line":34,"column":37}}],"line":34}},"s":{"0":0,"1":0,"2":0,"3":0,"4":0,"5":0,"6":0,"7":0,"8":0,"9":0,"10":0,"11":0,"12":0,"13":0,"14":0,"15":0,"16":0,"17":0,"18":0,"19":0,"20":0,"21":0,"22":0},"f":{"0":0,"1":0,"2":0,"3":0,"4":0,"5":0},"b":{"0":[0,0],"1":[0,0],"2":[0,0],"3":[0,0]}}
,"/home/user/testing-and-debugging-ensuring-mern-app-reliability-PhilipOndieki/client/src/hooks/useMediaQuery.js": {"path":"/home/user/testing-and-debugging-ensuring-mern-app-reliability-PhilipOndieki/client/src/hooks/useMediaQuery.js","statementMap":{"0":{"start":{"line":8,"column":29},"end":{"line":39,"column":1}},"1":{"start":{"line":9,"column":32},"end":{"line":9,"column":47}},"2":{"start":{"line":11,"column":2},"end":{"line":36,"column":14}},"3":{"start":{"line":12,"column":18},"end":{"line":12,"column":42}},"4":{"start":{"line":15,"column":4},"end":{"line":15,"column":30}},"5":{"start":{"line":18,"column":21},"end":{"line":18,"column":49}},"6":{"start":{"line":18,"column":28},"end":{"line":18,"column":49}},"7":{"start":{"line":21,"column":4},"end":{"line":26,"column":5}},"8":{"start":{"line":22,"column":6},"end":{"line":22,"column":49}},"9":{"start":{"line":25,"column":6},"end":{"line":25,"column":34}},"10":{"start":{"line":29,"column":4},"end":{"line":35,"column":6}},"11":{"start":{"line":30,"column":6},"end":{"line":34,"column":7}},"12":{"start":{"line":31,"column":8},"end":{"line":31,"column":54}},"13":{"start":{"line":33,"column":8},"end":{"line":33,"column":39}},"14":{"start":{"line":38,"column":2},"end":{"line":38,"column":17}}},"fnMap":{"0":{"name":"(anonymous_0)","decl":{"start":{"line":8,"column":29},"end":{"line":8,"column":30}},"loc":{"start":{"line":8,"column":40},"end":{"line":39,"column":1}},"line":8},"1":{"name":"(anonymous_1)","decl":{"start":{"line":11,"column":12},"end":{"line":11,"column":13}},"loc":{"start":{"line":11,"column":18},"end":{"line":36,"column":3}},"line":11},"2":{"name":"(anonymous_2)","decl":{"start":{"line":18,"column":21},"end":{"line":18,"column":22}},"loc":{"start":{"line":18,"column":28},"end":{"line":18,"column":49}},"line":18},"3":{"name":"(anonymous_3)","decl":{"start":{"line":29,"column":11},"end":{"line":29,"column":12}},"loc":{"start":{"line":29,"column":17},"end":{"line":35,"column":5}},"line":29}},"branchMap":{"0":{"loc":{"start":{"line":21,"column":4},"end":{"line":26,"column":5}},"type":"if","locations":[{"start":{"line":21,"column":4},"end":{"line":26,"column":5}},{"start":{"line":23,"column":11},"end":{"line":26,"column":5}}],"line":21},"1":{"loc":{"start":{"line":30,"column":6},"end":{"line":34,"column":7}},"type":"if","locations":[{"start":{"line":30,"column":6},"end":{"line":34,"column":7}},{"start":{"line":32,"column":13},"end":{"line":34,"column":7}}],"line":30}},"s":{"0":0,"1":0,"2":0,"3":0,"4":0,"5":0,"6":0,"7":0,"8":0,"9":0,"10":0,"11":0,"12":0,"13":0,"14":0},"f":{"0":0,"1":0,"2":0,"3":0},"b":{"0":[0,0],"1":[0,0]}}
,"/home/user/testing-and-debugging-ensuring-mern-app-reliability-PhilipOndieki/client/src/services/api.js": {"path":"/home/user/testing-and-debugging-ensuring-mern-app-reliability-PhilipOndieki/client/src/services/api.js","statementMap":{"0":{"start":{"line":9,"column":12},"end":{"line":15,"column":2}},"1":{"start":{"line":18,"column":0},"end":{"line":30,"column":2}},"2":{"start":{"line":25,"column":4},"end":{"line":25,"column":18}},"3":{"start":{"line":28,"column":4},"end":{"line":28,"column":33}},"4":{"start":{"line":33,"column":0},"end":{"line":71,"column":2}},"5":{"start":{"line":34,"column":16},"end":{"line":34,"column":24}},"6":{"start":{"line":37,"column":4},"end":{"line":67,"column":5}},"7":{"start":{"line":39,"column":31},"end":{"line":39,"column":45}},"8":{"start":{"line":41,"column":6},"end":{"line":56,"column":7}},"9":{"start":{"line":43,"column":8},"end":{"line":43,"column":73}},"10":{"start":{"line":44,"column":8},"end":{"line":44,"column":14}},"11":{"start":{"line":46,"column":8},"end":{"line":46,"column":74}},"12":{"start":{"line":47,"column":8},"end":{"line":47,"column":14}},"13":{"start":{"line":49,"column":8},"end":{"line":49,"column":80}},"14":{"start":{"line":50,"column":8},"end":{"line":50,"column":14}},"15":{"start":{"line":52,"column":8},"end":{"line":52,"column":80}},"16":{"start":{"line":53,"column":8},"end":{"line":53,"column":14}},"17":{"start":{"line":55,"column":8},"end":{"line":55,"column":69}},"18":{"start":{"line":57,"column":11},"end":{"line":67,"column":5}},"19":{"start":{"line":59,"column":6},"end":{"line":63,"column":7}},"20":{"start":{"line":60,"column":8},"end":{"line":60,"column":60}},"21":{"start":{"line":62,"column":8},"end":{"line":62,"column":70}},"22":{"start":{"line":66,"column":6},"end":{"line":66,"column":45}},"23":{"start":{"line":69,"column":4},"end":{"line":69,"column":33}}},"fnMap":{"0":{"name":"(anonymous_0)","decl":{"start":{"line":19,"column":2},"end":{"line":19,"column":3}},"loc":{"start":{"line":19,"column":14},"end":{"line":26,"column":3}},"line":19},"1":{"name":"(anonymous_1)","decl":{"start":{"line":27,"column":2},"end":{"line":27,"column":3}},"loc":{"start":{"line":27,"column":13},"end":{"line":29,"column":3}},"line":27},"2":{"name":"(anonymous_2)","decl":{"start":{"line":34,"column":2},"end":{"line":34,"column":3}},"loc":{"start":{"line":34,"column":16},"end":{"line":34,"column":24}},"line":34},"3":{"name":"(anonymous_3)","decl":{"start":{"line":35,"column":2},"end":{"line":35,"column":3}},"loc":{"start":{"line":35,"column":13},"end":{"line":70,"column":3}},"line":35}},"branchMap":{"0":{"loc":{"start":{"line":37,"column":4},"end":{"line":67,"column":5}},"type":"if","locations":[{"start":{"line":37,"column":4},"end":{"line":67,"column":5}},{"start":{"line":57,"column":11},"end":{"line":67,"column":5}}],"line":37},"1":{"loc":{"start":{"line":41,"column":6},"end":{"line":56,"column":7}},"type":"switch","locations":[{"start":{"line":42,"column":
[...]
,"/home/user/testing-and-debugging-ensuring-mern-app-reliability-PhilipOndieki/client/src/utils/constants.js": {"path":"/home/user/testing-and-debugging-ensuring-mern-app-reliability-PhilipOndieki/client/src/utils/constants.js","statementMap":{"0":{"start":{"line":5,"column":26},"end":{"line":10,"column":1}},"1":{"start":{"line":12,"column":28},"end":{"line":17,"column":1}},"2":{"start":{"line":19,"column":28},"end":{"line":23,"column":1}},"3":{"start":{"line":25,"column":32},"end":{"line":38,"column":1}},"4":{"start":{"line":40,"column":29},"end":{"line":45,"column":1}},"5":{"start":{"line":47,"column":31},"end":{"line":52,"column":1}},"6":{"start":{"line":54,"column":31},"end":{"line":58,"column":1}},"7":{"start":{"line":60,"column":30},"end":{"line":63,"column":3}},"8":{"start":{"line":60,"column":85},"end":{"line":63,"column":1}},"9":{"start":{"line":65,"column":32},"end":{"line":68,"column":3}},"10":{"start":{"line":65,"column":89},"end":{"line":68,"column":1}},"11":{"start":{"line":70,"column":32},"end":{"line":73,"column":3}},"12":{"start":{"line":70,"column":89},"end":{"line":73,"column":1}},"13":{"start":{"line":76,"column":28},"end":{"line":76,"column":55}},"14":{"start":{"line":78,"column":30},"end":{"line":78,"column":33}}},"fnMap":{"0":{"name":"(anonymous_0)","decl":{"start":{"line":60,"column":64},"end":{"line":60,"column":65}},"loc":{"start":{"line":60,"column":85},"end":{"line":63,"column":1}},"line":60},"1":{"name":"(anonymous_1)","decl":{"start":{"line":65,"column":68},"end":{"line":65,"column":69}},"loc":{"start":{"line":65,"column":89},"end":{"line":68,"column":1}},"line":65},"2":{"name":"(anonymous_2)","decl":{"start":{"line":70,"column":68},"end":{"line":70,"column":69}},"loc":{"start":{"line":70,"column":89},"end":{"line":73,"column":1}},"line":70}},"branchMap":{},"s":{"0":4,"1":4,"2":4,"3":4,"4":4,"5":4,"6":4,"7":4,"8":16,"9":4,"10":16,"11":4,"12":12,"13":4,"14":4},"f":{"0":16,"1":16,"2":12},"b":{},"_coverageSchema":"1a1c01bbd47fc00a2c39e90264f33305004495a9","hash":"6a0f818a74d6d5d9f784466bb3aaea9336aeab95"}
,"/home/user/testing-and-debugging-ensuring-mern-app-reliability-PhilipOndieki/client/src/utils/formatters.js": {"path":"/home/user/testing-and-debugging-ensuring-mern-app-reliability-PhilipOndieki/client/src/utils/formatters.js","statementMap":{"0":{"start":{"line":10,"column":26},"end":{"line":24,"column":1}},"1":{"start":{"line":11,"column":2},"end":{"line":11,"column":29}},"2":{"start":{"line":11,"column":19},"end":{"line":11,"column":29}},"3":{"start":{"line":13,"column":15},"end":{"line":13,"column":35}},"4":{"start":{"line":15,"column":2},"end":{"line":17,"column":3}},"5":{"start":{"line":16,"column":4},"end":{"line":16,"column":14}},"6":{"start":{"line":19,"column":2},"end":{"line":23,"column":5}},"7":{"start":{"line":31,"column":34},"end":{"line":69,"column":1}},"8":{"start":{"line":32,"column":2},"end":{"line":32,"column":29}},"9":{"start":{"line":32,"column":19},"end":{"line":32,"column":29}},"10":{"start":{"line":34,"column":15},"end":{"line":34,"column":35}},"11":{"start":{"line":36,"column":2},"end":{"line":38,"column":3}},"12":{"start":{"line":37,"column":4},"end":{"line":37,"column":14}},"13":{"start":{"line":40,"column":14},"end":{"line":40,"column":24}},"14":{"start":{"line":41,"column":24},"end":{"line":41,"column":55}},"15":{"start":{"line":43,"column":2},"end":{"line":45,"column":3}},"16":{"start":{"line":44,"column":4},"end":{"line":44,"column":22}},"17":{"start":{"line":47,"column":24},"end":{"line":47,"column":54}},"18":{"start":{"line":48,"column":2},"end":{"line":50,"column":3}},"19":{"start":{"line":49,"column":4},"end":{"line":49,"column":80}},"20":{"start":{"line":52,"column":22},"end":{"line":52,"column":52}},"21":{"start":{"line":53,"column":2},"end":{"line":55,"column":3}},"22":{"start":{"line":54,"column":4},"end":{"line":54,"column":72}},"23":{"start":{"line":57,"column":21},"end":{"line":57,"column":49}},"24":{"start":{"line":58,"column":2},"end":{"line":60,"column":3}},"25":{"start":{"line":59,"column":4},"end":{"line":59,"column":68}},"26":{"start":{"line":62,"column":23},"end":{"line":62,"column":50}},"27":{"start":{"line":63,"column":2},"end":{"line":65,"column":3}},"28":{"start":{"line":64,"column":4},"end":{"line":64,"column":76}},"29":{"start":{"line":67,"column":22},"end":{"line":67,"column":51}},"30":{"start":{"line":68,"column":2},"end":{"line":68,"column":70}},"31":{"start":{"line":76,"column":26},"end":{"line":79,"column":1}},"32":{"start":{"line":77,"column":2},"end":{"line":77,"column":22}},"33":{"start":{"line":77,"column":12},"end":{"line":77,"column":22}},"34":{"start":{"line":78,"column":2},"end":{"line":78,"column":52}},"35":{"start":{"line":87,"column":28},"end":{"line":91,"column":1}},"36":{"start":{"line":88,"column":2},"end":{"line":88,"column":23}},"37":{"start":{"line":88,"column":13},"end":{"line":88,"column":23}},"38":{"start":{"line":89,"column":2},"end":{"line":89,"column":44}},"39":{"start":{"line":89,"column":32},"end":{"line":89,"column":44}},"40":{"start":{"line":90,"column":2},"end":{"line":90,"column":49}}},"fnMap":{"0":{"name":"(anonymous_0)","decl":{"start":{"line":10,"column":26},"end":{"line":10,"column":27}},"loc":{"start":{"line":10,"column":42},"end":{"line":24,"column":1}},"line":10},"1":{"name":"(anonymous_1)","decl":{"start":{"line":31,"column":34},"end":{"line":31,"column":35}},"loc":{"start":{"line":31,"column":50},"end":{"line":69,"column":1}},"line":31},"2":{"name":"(anonymous_2)","decl":{"start":{"line":76,"column":26},"end":{"line":76,"column":27}},"loc":{"start":{"line":76,"column":35},"end":{"line":79,"column":1}},"line":76},"3":{"name":"(anonymous_3)","decl":{"start":{"line":87,"column":28},"end":{"line":87,"column":29}},"loc":{"start":{"line":87,"column":55},"end":{"line":91,"column":1}},"line":87}},"branchMap":{"0":{"loc":{"start":{"line":11,"column":2},"end":{"line":11,"column":29}},"type":"if","locations":[{"start":{"line":11,"column":2},"end":{"line":11,"column":29}},{"start":{},"end":{}}],"line":11},"1":{"loc":{"start":{"line":15,"column":2},"end":{"line":17,"column":3}},"type":"if","locations":[{"start":{"line":15,"column":2},"end":{"line":17,"column":3}},{"start":{},"end":{}}],"line":15},"2":{"loc":{"start":{"line":32,"column":2},"end":{"line":32,"column":29}},"type":"if","locations":[{"start":{"line":32,"column":2},"end":{"line":32,"column":29}},{"start":{},"end":{}}],"line":32},"3":{"loc":{"start":{"line":36,"column":2},"end":{"line":38,"column":3}},"type":"if","locations":[{"start":{"line":36,"column":2},"end":{"line":38,"column":3}},{"start":{},"end":{}}],"line":36},"4":{"loc":{"start":{"line":43,"column":2},"end":{"line":45,"column":3}},"type":"if","locations":[{"start":{"line":43,"column":2},"end":{"line":45,"column":3}},{"start":{},"end":{}}],"line":43},"5":{"loc":{"start":{"line":48,"column":2},"end":{"line":50,"column":3}},"type":"if","locations":[{"start":{"line":48,"column":2},"end":{"line":50,"column":3}},{"start":{},"end":{}}],"line":48},"6":{"loc":{"start":{"line":49,"column":31},"end":{"line":49,"column":73}},"type":"cond-expr","locations":[{"start":{"line":49,"column":53},"end":{"line":49,"column":61}},{"start":{"line":49,"column":64},"end":{"line":49,"column":73}}],"line":49},"7":{"loc":{"start":{"line":53,"column":2},"end":{"line":55,"column":3}},"type":"if","locations":[{"start":{"line":53,"column":2},"end":{"line":55,"column":3}},{"start":{},"end":{}}],"line":53},"8":{"loc":{"start":{"line":54,"column":29},"end":{"line":54,"column":65}},"type":"cond-expr","locations":[{"start":{"line":54,"column":49},"end":{"line":54,"column":55}},{"start":{"line":54,"column":58},"end":{"line":54,"column":65}}],"line":54},"9":{"loc":{"start":{"line":58,"column":2},"end":{"line":60,"column":3}},"type":"if","locations":[{"start":{"line":58,"column":2},"end":{"line":60,"column":3}},{"start":{},"end":{}}],"line":58},"10":{"loc":{"start":{"line":59,"column":28},"end":{"line":59,"column":61}},"type":"cond-expr","locations":[{"start":{"line":59,"column":47},"end":{"line":59,"column":52}},{"start":{"line":59,"column":55},"end":{"line":59,"column":61}}],"line":59},"11":{"loc":{"start":{"line":63,"column":2},"end":{"line":65,"column":3}},"type":"if","locations":[{"start":{"line":63,"column":2},"end":{"line":65,"column":3}},{"start":{},"end":{}}],"line":63},"12":{"loc":{"start":{"line":64,"column":30},"end":{"line":64,"column":69}},"type":"cond-expr","locations":[{"start":{"line":64,"column":51},"end":{"line":64,"column":58}},{"start":{"line":64,"column":61},"end":{"line":64,"column":69}}],"line":64},"13":{"loc":{"start":{"line":68,"column":27},"end":{"line":68,"column":63}},"type":"cond-expr","locations":[{"start":{"line":68,"column":47},"end":{"line":68,"column":53}},{"start":{"line":68,"column":56},"end":{"line":68,"column":63}}],"line":68},"14":{"loc":{"start":{"line":77,"column":2},"end":{"line":77,"column":22}},"type":"if","locations":[{"start":{"line":77,"column":2},"end":{"line":77,"column":22}},{"start":{},"end":{}}],"line":77},"15":{"loc":{"start":{"line":87,"column":35},"end":{"line":87,"column":50}},"type":"default-arg","locations":[{"start":{"line":87,"column":47},"end":{"line":87,"column":50}}],"line":87},"16":{"loc":{"start":{"line":88,"column":2},"end":{"line":88,"column":23}},"type":"if","locations":[{"start":{"line":88,"column":2},"end":{"line":88,"column":23}},{"start":{},"end":{}}],"line":88},"17":{"loc":{"start":{"line":89,"column":2},"end":{"line":89,"column":44}},"type":"if","locations":[{"start":{"line":89,"column":2},"end":{"line":89,"column":44}},{"start":{},"end":{}}],"line":89}},"s":{"0":2,"1":4,"2":2,"3":2,"4":2,"5":1,"6":1,"7":2,"8":4,"9":0,"10":4,"11":4,"12":1,"13":3,"14":3,"15":3,"16":1,"17":2,"18":2,"19":1,"20":1,"21":1,"22":1,"23":0,"24":0,"25":0,"26":0,"27":0,"28":0,"29":0,"30":0,"31":2,"32":5,"33":3,"34":2,"35":2,"36":3,"37":1,"38":2,"39":1,"40":1},"f":{"0":4,"1":4,"2":5,"3":3},"b":{"0":[2,2],"1":[1,1],"2":[0,4],"3":[1,3],"4":[1,2],"5":[1,1],"6":[0,1],"7":[1,0],"8":[0,1],"9":[0,0],"10":[0,0],"11":[0,0],"12":[0,0],"13":[0,0],"14":[3,2],"15":[0],"16":[1,2],"17":[1,1]},"_coverageSchema":"1a1c01bbd47fc00a2c39e90264f33305004495a9","hash":"9eb3771d78a244cfde91900c07e3b8456eb4f0ab"}
,"/home/user/testing-and-debugging-ensuring-mern-app-reliability-PhilipOndieki/client/src/utils/helpers.js": {"path":"/home/user/testing-and-debugging-ensuring-mern-app-reliability-PhilipOndieki/client/src/utils/helpers.js","statementMap":{"0":{"start":{"line":13,"column":18},"end":{"line":15,"column":1}},"1":{"start":{"line":14,"column":2},"end":{"line":14,"column":26}},"2":{"start":{"line":22,"column":30},"end":{"line":30,"column":1}},"3":{"start":{"line":23,"column":17},"end":{"line":28,"column":3}},"4":{"start":{"line":29,"column":2},"end":{"line":29,"column":51}},"5":{"start":{"line":37,"column":32},"end":{"line":45,"column":1}},"6":{"start":{"line":38,"column":17},"end":{"line":43,"column":3}},"7":{"start":{"line":44,"column":2},"end":{"line":44,"column":54}},"8":{"start":{"line":52,"column":32},"end":{"line":59,"column":1}},"9":{"start":{"line":53,"column":17},"end":{"line":57,"column":3}},"10":{"start":{"line":58,"column":2},"end":{"line":58,"column":56}},"11":{"start":{"line":66,"column":33},"end":{"line":75,"column":1}},"12":{"start":{"line":67,"column":2},"end":{"line":74,"column":9}},"13":{"start":{"line":68,"column":19},"end":{"line":68,"column":48}},"14":{"start":{"line":69,"column":4},"end":{"line":71,"column":5}},"15":{"start":{"line":70,"column":6},"end":{"line":70,"column":23}},"16":{"start":{"line":72,"column":4},"end":{"line":72,"column":26}},"17":{"start":{"line":73,"column":4},"end":{"line":73,"column":15}},"18":{"start":{"line":83,"column":26},"end":{"line":113,"column":1}},"19":{"start":{"line":84,"column":17},"end":{"line":84,"column":26}},"20":{"start":{"line":87,"column":2},"end":{"line":95,"column":3}},"21":{"start":{"line":88,"column":24},"end":{"line":88,"column":52}},"22":{"start":{"line":89,"column":4},"end":{"line":94,"column":6}},"23":{"start":{"line":91,"column":8},"end":{"line":93,"column":57}},"24":{"start":{"line":98,"column":2},"end":{"line":100,"column":3}},"25":{"start":{"line":99,"column":4},"end":{"line":99,"column":81}},"26":{"start":{"line":99,"column":40},"end":{"line":99,"column":79}},"27":{"start":{"line":103,"column":2},"end":{"line":105,"column":3}},"28":{"start":{"line":104,"column":4},"end":{"line":104,"column":81}},"29":{"start":{"line":104,"column":40},"end":{"line":104,"column":79}},"30":{"start":{"line":108,"column":2},"end":{"line":110,"column":3}},"31":{"start":{"line":109,"column":4},"end":{"line":109,"column":77}},"32":{"start":{"line":109,"column":40},"end":{"line":109,"column":75}},"33":{"start":{"line":112,"column":2},"end":{"line":112,"column":18}}},"fnMap":{"0":{"name":"(anonymous_0)","decl":{"start":{"line":13,"column":18},"end":{"line":13,"column":19}},"loc":{"start":{"line":13,"column":34},"end":{"line":15,"column":1}},"line":13},"1":{"name":"(anonymous_1)","decl":{"start":{"line":22,"column":30},"end":{"line":22,"column":31}},"loc":{"start":{"line":22,"column":42},"end":{"line":30,"column":1}},"line":22},"2":{"name":"(anonymous_2)","decl":{"start":{"line":37,"column":32},"end":{"line":37,"column":33}},"loc":{"start":{"line":37,"column":46},"end":{"line":45,"column":1}},"line":37},"3":{"name":"(anonymous_3)","decl":{"start":{"line":52,"column":32},"end":{"line":52,"column":33}},"loc":{"start":{"line":52,"column":46},"end":{"line":59,"column":1}},"line":52},"4":{"name":"(anonymous_4)","decl":{"start":{"line":66,"column":33},"end":{"line":66,"column":34}},"loc":{"start":{"line":66,"column":43},"end":{"line":75,"column":1}},"line":66},"5":{"name":"(anonymous_5)","decl":{"start":{"line":67,"column":21},"end":{"line":67,"column":22}},"loc":{"start":{"line":67,"column":35},"end":{"line":74,"column":3}},"line":67},"6":{"name":"(anonymous_6)","decl":{"start":{"line":83,"column":26},"end":{"line":83,"column":27}},"loc":{"start":{"line":83,"column":45},"end":{"line":113,"column":1}},"line":83},"7":{"name":"(anonymous_7)","decl":{"start":{"line":90,"column":6},"end":{"line":90,"column":7}},"loc":{"start":{"line":91,"column":8},"end":{"line":93,"column":57}},"line":91},"8":{"name":"(anonymous_8)","decl":{"start":{"line":99,"column":31},"end":{"line":99,"column":32}},"loc":{"start":{"line":99,"column":40},"end":{"line":99,"column":79}},"line":99},"9":{"name":"(anonymous_9)","decl":{"start":{"line":104,"column":31},"end":{"line":104,"column":32}},"loc":{"start":{"line":104,"column":40},"end":{"line":104,"column":79}},"line":104},"10":{"name":"(anonymous_10)","decl":{"start":{"line":109,"column":31},"end":{"line":109,"column":32}},"loc":{"start":{"line":109,"column":40},"end":{"line":109,"column":75}},"line":109}},"branchMap":{"0":{"loc":{"start":{"line":29,"column":9},"end":{"line":29,"column":50}},"type":"binary-expr","locations":[{"start":{"line":29,"column":9},"end":{"line":29,"column":23}},{"start":{"line":29,"column":27},"end":{"line":29,"column":50}}],"line":29},"1":{"loc":{"start":{"line":44,"column":9},"end":{"line":44,"column":53}},"type":"binary-expr","locations":[{"start":{"line":44,"column":9},"end":{"line":44,"column":25}},{"start":{"line":44,"column":29},"end":{"line":44,"column":53}}],"line":44},"2":{"loc":{"start":{"line":58,"column":9},"end":{"line":58,"column":55}},"type":"binary-expr","locations":[{"start":{"line":58,"column":9},"end":{"line":58,"column":25}},{"start":{"line":58,"column":29},"end":{"line":58,"column":55}}],"line":58},"3":{"loc":{"start":{"line":68,"column":19},"end":{"line":68,"column":48}},"type":"binary-expr","locations":[{"start":{"line":68,"column":19},"end":{"line":68,"column":29}},{"start":{"line":68,"column":33},"end":{"line":68,"column":48}}],"line":68},"4":{"loc":{"start":{"line":69,"column":4},"end":{"line":71,"column":5}},"type":"if","locations":[{"start":{"line":69,"column":4},"end":{"line":71,"column":5}},{"start":{},"end":{}}],"line":69},"5":{"loc":{"start":{"line":87,"column":2},"end":{"line":95,"column":3}},"type":"if","locations":[{"start":{"line":87,"column":2},"end":{"line":95,"column":3}},{"start":{},"end":{}}],"line":87},"6":{"loc":{"start":{"line":91,"column":8},"end":{"line":93,"column":57}},"type":"binary-expr","locations":[{"start":{"line":91,"column":8},"end":{"line":91,"column":53}},{"start":{"line":92,"column":8},"end":{"line":92,"column":59}},{"start":{"line":93,"column":8},"end":{"line":93,"column":57}}],"line":91},"7":{"loc":{"start":{"line":98,"column":2},"end":{"line":100,"column":3}},"type":"if","locations":[{"start":{"line":98,"column":2},"end":{"line":100,"column":3}},{"start":{},"end":{}}],"line":98},"8":{"loc":{"start":{"line":98,"column":6},"end":{"line":98,"column":53}},"type":"binary-expr","locations":[{"start":{"line":98,"column":6},"end":{"line":98,"column":22}},{"start":{"line":98,"column":26},"end":{"line":98,"column":53}}],"line":98},"9":{"loc":{"start":{"line":103,"column":2},"end":{"line":105,"column":3}},"type":"if","locations":[{"start":{"line":103,"column":2},"end":{"line":105,"column":3}},{"start":{},"end":{}}],"line":103},"10":{"loc":{"start":{"line":103,"column":6},"end":{"line":103,"column":53}},"type":"binary-expr","locations":[{"start":{"line":103,"column":6},"end":{"line":103,"column":22}},{"start":{"line":103,"column":26},"end":{"line":103,"column":53}}],"line":103},"11":{"loc":{"start":{"line":108,"column":2},"end":{"line":110,"column":3}},"type":"if","locations":[{"start":{"line":108,"column":2},"end":{"line":110,"column":3}},{"start":{},"end":{}}],"line":108},"12":{"loc":{"start":{"line":108,"column":6},"end":{"line":108,"column":49}},"type":"binary-expr","locations":[{"start":{"line":108,"column":6},"end":{"line":108,"column":20}},{"start":{"line":108,"column":24},"end":{"line":108,"column":49}}],"line":108}},"s":{"0":3,"1":25,"2":3,"3":11,"4":11,"5":3,"6":5,"7":5,"8":3,"9":4,"10":4,"11":3,"12":2,"13":4,"14":4,"15":3,"16":4,"17":4,"18":3,"19":6,"20":6,"21":2,"22":2,"23":4,"24":6,"25":2,"26":3,"27":6,"28":1,"29":2,"30":6,"31":1,"32":2,"33":6},"f":{"0":25,"1":11,"2":5,"3":4,"4":2,"5":4,"6":6,"7":4,"8":3,"9":2,"10":2},"b":{"0":[11,0],"1":[5,0],"2":[4,0],"3":[4,0],"4":[3,1],"5":[2,4],"6":[4,2,2],"7":[2,4],"8":[6,6],"9":[1,5],"10":[6,6],"11":[1,5],"12":[6,6]},"_coverageSchema":"1a1c01bbd47fc00a2c39e90264f33305004495a9","hash":"a17c407309fc7d782ba92c44524d3d0414d7f8eb"}
,"/home/user/testing-and-debugging-ensuring-mern-app-reliability-PhilipOndieki/client/src/utils/validators.js": {"path":"/home/user/testing-and-debugging-ensuring-mern-app-reliability-PhilipOndieki/client/src/utils/validators.js","statementMap":{"0":{"start":{"line":8,"column":25},"end":{"line":43,"column":2}},"1":{"start":{"line":29,"column":21},"end":{"line":29,"column":66}},"2":{"start":{"line":32,"column":21},"end":{"line":32,"column":66}},"3":{"start":{"line":45,"column":31},"end":{"line":45,"column":50}}},"fnMap":{"0":{"name":"(anonymous_0)","decl":{"start":{"line":29,"column":14},"end":{"line":29,"column":15}},"loc":{"start":{"line":29,"column":21},"end":{"line":29,"column":66}},"line":29},"1":{"name":"(anonymous_1)","decl":{"start":{"line":32,"column":14},"end":{"line":32,"column":15}},"loc":{"start":{"line":32,"column":21},"end":{"line":32,"column":66}},"line":32}},"branchMap":{},"s":{"0":0,"1":0,"2":0,"3":0},"f":{"0":0,"1":0},"b":{}}
}
